TN:
SF:src/instrumentation.ts
FN:8,register
FNF:1
FNH:0
FNDA:0,register
DA:9,0
DA:11,0
DA:13,0
LF:3
LH:0
BRDA:9,0,0,0
BRDA:9,0,1,0
BRDA:11,1,0,0
BRDA:11,1,1,0
BRF:4
BRH:0
end_of_record
TN:
SF:src/instrumentationNode.ts
FN:10,(anonymous_0)
FNF:1
FNH:0
FNDA:0,(anonymous_0)
DA:10,0
DA:11,0
DA:14,0
DA:16,0
DA:17,0
DA:18,0
DA:19,0
DA:20,0
DA:22,0
DA:25,0
DA:28,0
LF:11
LH:0
BRDA:16,0,0,0
BRDA:16,0,1,0
BRDA:19,1,0,0
BRDA:19,1,1,0
BRF:4
BRH:0
end_of_record
TN:
SF:src/proxy.ts
FN:6,(anonymous_0)
FN:9,(anonymous_1)
FN:21,addCorsHeaders
FN:36,middleware
FN:67,(anonymous_4)
FNF:5
FNH:0
FNDA:0,(anonymous_0)
FNDA:0,(anonymous_1)
FNDA:0,addCorsHeaders
FNDA:0,middleware
FNDA:0,(anonymous_4)
DA:6,0
DA:7,0
DA:8,0
DA:9,0
DA:11,0
DA:18,0
DA:22,0
DA:25,0
DA:26,0
DA:29,0
DA:30,0
DA:31,0
DA:33,0
DA:37,0
DA:40,0
DA:41,0
DA:42,0
DA:46,0
DA:67,0
DA:70,0
DA:71,0
DA:72,0
DA:73,0
DA:77,0
DA:78,0
DA:79,0
DA:83,0
DA:84,0
DA:85,0
DA:86,0
DA:87,0
DA:90,0
DA:91,0
DA:94,0
LF:34
LH:0
BRDA:8,0,0,0
BRDA:8,0,1,0
BRDA:25,1,0,0
BRDA:25,1,1,0
BRDA:25,2,0,0
BRDA:25,2,1,0
BRDA:26,3,0,0
BRDA:26,3,1,0
BRDA:40,4,0,0
BRDA:40,4,1,0
BRDA:67,5,0,0
BRDA:67,5,1,0
BRDA:71,6,0,0
BRDA:71,6,1,0
BRDA:71,7,0,0
BRDA:71,7,1,0
BRDA:71,7,2,0
BRDA:77,8,0,0
BRDA:77,8,1,0
BRDA:84,9,0,0
BRDA:84,9,1,0
BRF:21
BRH:0
end_of_record
TN:
SF:src/components/account/SecuritySettings.tsx
FN:38,SecuritySettings
FN:62,(anonymous_1)
FN:66,(anonymous_2)
FN:87,(anonymous_3)
FN:93,(anonymous_4)
FN:121,(anonymous_5)
FN:150,(anonymous_6)
FN:178,(anonymous_7)
FN:184,(anonymous_8)
FN:198,(anonymous_9)
FN:203,(anonymous_10)
FN:236,(anonymous_11)
FN:266,(anonymous_12)
FN:278,(anonymous_13)
FN:309,(anonymous_14)
FN:362,(anonymous_15)
FN:389,(anonymous_16)
FN:413,(anonymous_17)
FN:429,(anonymous_18)
FN:448,(anonymous_19)
FN:462,(anonymous_20)
FN:474,(anonymous_21)
FN:485,(anonymous_22)
FN:491,(anonymous_23)
FNF:24
FNH:0
FNDA:0,SecuritySettings
FNDA:0,(anonymous_1)
FNDA:0,(anonymous_2)
FNDA:0,(anonymous_3)
FNDA:0,(anonymous_4)
FNDA:0,(anonymous_5)
FNDA:0,(anonymous_6)
FNDA:0,(anonymous_7)
FNDA:0,(anonymous_8)
FNDA:0,(anonymous_9)
FNDA:0,(anonymous_10)
FNDA:0,(anonymous_11)
FNDA:0,(anonymous_12)
FNDA:0,(anonymous_13)
FNDA:0,(anonymous_14)
FNDA:0,(anonymous_15)
FNDA:0,(anonymous_16)
FNDA:0,(anonymous_17)
FNDA:0,(anonymous_18)
FNDA:0,(anonymous_19)
FNDA:0,(anonymous_20)
FNDA:0,(anonymous_21)
FNDA:0,(anonymous_22)
FNDA:0,(anonymous_23)
DA:39,0
DA:40,0
DA:41,0
DA:42,0
DA:43,0
DA:46,0
DA:47,0
DA:48,0
DA:49,0
DA:50,0
DA:51,0
DA:54,0
DA:55,0
DA:58,0
DA:59,0
DA:60,0
DA:62,0
DA:63,0
DA:66,0
DA:67,0
DA:68,0
DA:69,0
DA:70,0
DA:71,0
DA:72,0
DA:75,0
DA:76,0
DA:77,0
DA:78,0
DA:81,0
DA:83,0
DA:87,0
DA:88,0
DA:89,0
DA:90,0
DA:93,0
DA:94,0
DA:95,0
DA:96,0
DA:97,0
DA:103,0
DA:104,0
DA:106,0
DA:107,0
DA:108,0
DA:110,0
DA:111,0
DA:112,0
DA:115,0
DA:117,0
DA:121,0
DA:122,0
DA:124,0
DA:125,0
DA:126,0
DA:127,0
DA:133,0
DA:135,0
DA:137,0
DA:138,0
DA:139,0
DA:140,0
DA:141,0
DA:142,0
DA:144,0
DA:146,0
DA:150,0
DA:151,0
DA:153,0
DA:154,0
DA:155,0
DA:156,0
DA:162,0
DA:164,0
DA:166,0
DA:167,0
DA:168,0
DA:169,0
DA:170,0
DA:172,0
DA:174,0
DA:178,0
DA:179,0
DA:180,0
DA:181,0
DA:184,0
DA:185,0
DA:186,0
DA:187,0
DA:188,0
DA:191,0
DA:192,0
DA:195,0
DA:198,0
DA:203,0
DA:236,0
DA:266,0
DA:278,0
DA:309,0
DA:362,0
DA:389,0
DA:414,0
DA:429,0
DA:448,0
DA:462,0
DA:474,0
DA:485,0
DA:491,0
LF:108
LH:0
BRDA:72,0,0,0
BRDA:72,0,1,0
BRDA:77,1,0,0
BRDA:77,1,1,0
BRDA:104,2,0,0
BRDA:104,2,1,0
BRDA:104,3,0,0
BRDA:104,3,1,0
BRDA:106,4,0,0
BRDA:106,4,1,0
BRDA:111,5,0,0
BRDA:111,5,1,0
BRDA:122,6,0,0
BRDA:122,6,1,0
BRDA:135,7,0,0
BRDA:135,7,1,0
BRDA:135,8,0,0
BRDA:135,8,1,0
BRDA:151,9,0,0
BRDA:151,9,1,0
BRDA:164,10,0,0
BRDA:164,10,1,0
BRDA:164,11,0,0
BRDA:164,11,1,0
BRDA:191,12,0,0
BRDA:191,12,1,0
BRDA:197,13,0,0
BRDA:197,13,1,0
BRDA:202,14,0,0
BRDA:202,14,1,0
BRDA:222,15,0,0
BRDA:222,15,1,0
BRDA:231,16,0,0
BRDA:231,16,1,0
BRDA:243,17,0,0
BRDA:243,17,1,0
BRDA:258,18,0,0
BRDA:258,18,1,0
BRDA:273,19,0,0
BRDA:273,19,1,0
BRDA:274,20,0,0
BRDA:274,20,1,0
BRDA:292,21,0,0
BRDA:292,21,1,0
BRDA:304,22,0,0
BRDA:304,22,1,0
BRDA:305,23,0,0
BRDA:305,23,1,0
BRDA:337,24,0,0
BRDA:337,24,1,0
BRDA:339,25,0,0
BRDA:339,25,1,0
BRDA:339,26,0,0
BRDA:339,26,1,0
BRDA:348,27,0,0
BRDA:348,27,1,0
BRDA:377,28,0,0
BRDA:377,28,1,0
BRDA:378,29,0,0
BRDA:378,29,1,0
BRDA:396,30,0,0
BRDA:396,30,1,0
BRDA:439,31,0,0
BRDA:439,31,1,0
BRDA:457,32,0,0
BRDA:457,32,1,0
BRDA:458,33,0,0
BRDA:458,33,1,0
BRDA:474,34,0,0
BRDA:474,34,1,0
BRDA:497,35,0,0
BRDA:497,35,1,0
BRDA:498,36,0,0
BRDA:498,36,1,0
BRF:74
BRH:0
end_of_record
TN:
SF:src/components/assets/AssetGallery.tsx
FN:75,AssetGallery
FN:102,(anonymous_1)
FN:116,(anonymous_2)
FN:125,(anonymous_3)
FN:133,(anonymous_4)
FN:144,(anonymous_5)
FN:160,(anonymous_6)
FN:163,(anonymous_7)
FN:174,(anonymous_8)
FN:190,(anonymous_9)
FN:309,(anonymous_10)
FN:323,(anonymous_11)
FN:358,(anonymous_12)
FNF:13
FNH:0
FNDA:0,AssetGallery
FNDA:0,(anonymous_1)
FNDA:0,(anonymous_2)
FNDA:0,(anonymous_3)
FNDA:0,(anonymous_4)
FNDA:0,(anonymous_5)
FNDA:0,(anonymous_6)
FNDA:0,(anonymous_7)
FNDA:0,(anonymous_8)
FNDA:0,(anonymous_9)
FNDA:0,(anonymous_10)
FNDA:0,(anonymous_11)
FNDA:0,(anonymous_12)
DA:67,0
DA:84,0
DA:85,0
DA:86,0
DA:87,0
DA:89,0
DA:90,0
DA:91,0
DA:92,0
DA:93,0
DA:95,0
DA:99,0
DA:100,0
DA:102,0
DA:103,0
DA:105,0
DA:108,0
DA:110,0
DA:112,0
DA:116,0
DA:117,0
DA:119,0
DA:121,0
DA:125,0
DA:126,0
DA:127,0
DA:128,0
DA:129,0
DA:130,0
DA:133,0
DA:134,0
DA:136,0
DA:144,0
DA:160,0
DA:164,0
DA:175,0
DA:191,0
DA:192,0
DA:193,0
DA:194,0
DA:310,0
DA:311,0
DA:324,0
DA:325,0
DA:358,0
LF:45
LH:0
BRDA:79,0,0,0
BRDA:80,1,0,0
BRDA:86,2,0,0
BRDA:86,2,1,0
BRDA:87,3,0,0
BRDA:87,3,1,0
BRDA:92,4,0,0
BRDA:92,4,1,0
BRDA:93,5,0,0
BRDA:93,5,1,0
BRDA:99,6,0,0
BRDA:99,6,1,0
BRDA:100,7,0,0
BRDA:100,7,1,0
BRDA:103,8,0,0
BRDA:103,8,1,0
BRDA:103,8,2,0
BRDA:103,8,3,0
BRDA:103,8,4,0
BRDA:117,9,0,0
BRDA:117,9,1,0
BRDA:126,10,0,0
BRDA:126,10,1,0
BRDA:134,11,0,0
BRDA:134,11,1,0
BRDA:181,12,0,0
BRDA:181,12,1,0
BRDA:182,13,0,0
BRDA:182,13,1,0
BRDA:183,14,0,0
BRDA:183,14,1,0
BRDA:191,15,0,0
BRDA:191,15,1,0
BRDA:191,16,0,0
BRDA:191,16,1,0
BRDA:193,17,0,0
BRDA:193,17,1,0
BRDA:209,18,0,0
BRDA:209,18,1,0
BRDA:219,19,0,0
BRDA:219,19,1,0
BRDA:239,20,0,0
BRDA:239,20,1,0
BRDA:239,20,2,0
BRDA:288,21,0,0
BRDA:288,21,1,0
BRDA:297,22,0,0
BRDA:297,22,1,0
BRDA:305,23,0,0
BRDA:305,23,1,0
BRDA:318,24,0,0
BRDA:318,24,1,0
BRDA:340,25,0,0
BRDA:340,25,1,0
BRDA:340,25,2,0
BRDA:353,26,0,0
BRDA:353,26,1,0
BRF:57
BRH:0
end_of_record
TN:
SF:src/components/assets/AssetUpload.tsx
FN:47,AssetUpload
FN:58,(anonymous_1)
FN:60,(anonymous_2)
FN:65,(anonymous_3)
FN:79,(anonymous_4)
FN:87,(anonymous_5)
FN:99,(anonymous_6)
FN:110,(anonymous_7)
FN:113,(anonymous_8)
FN:122,(anonymous_9)
FN:123,(anonymous_10)
FN:124,(anonymous_11)
FN:134,(anonymous_12)
FN:135,(anonymous_13)
FN:136,(anonymous_14)
FN:151,(anonymous_15)
FN:152,(anonymous_16)
FN:166,(anonymous_17)
FN:167,(anonymous_18)
FN:175,(anonymous_19)
FN:176,(anonymous_20)
FN:185,(anonymous_21)
FN:190,(anonymous_22)
FN:195,(anonymous_23)
FN:201,(anonymous_24)
FN:202,(anonymous_25)
FN:202,(anonymous_26)
FN:205,(anonymous_27)
FN:206,(anonymous_28)
FN:208,(anonymous_29)
FN:209,(anonymous_30)
FN:217,(anonymous_31)
FN:218,(anonymous_32)
FN:241,(anonymous_33)
FN:258,(anonymous_34)
FN:289,(anonymous_35)
FN:341,(anonymous_36)
FN:349,(anonymous_37)
FNF:38
FNH:0
FNDA:0,AssetUpload
FNDA:0,(anonymous_1)
FNDA:0,(anonymous_2)
FNDA:0,(anonymous_3)
FNDA:0,(anonymous_4)
FNDA:0,(anonymous_5)
FNDA:0,(anonymous_6)
FNDA:0,(anonymous_7)
FNDA:0,(anonymous_8)
FNDA:0,(anonymous_9)
FNDA:0,(anonymous_10)
FNDA:0,(anonymous_11)
FNDA:0,(anonymous_12)
FNDA:0,(anonymous_13)
FNDA:0,(anonymous_14)
FNDA:0,(anonymous_15)
FNDA:0,(anonymous_16)
FNDA:0,(anonymous_17)
FNDA:0,(anonymous_18)
FNDA:0,(anonymous_19)
FNDA:0,(anonymous_20)
FNDA:0,(anonymous_21)
FNDA:0,(anonymous_22)
FNDA:0,(anonymous_23)
FNDA:0,(anonymous_24)
FNDA:0,(anonymous_25)
FNDA:0,(anonymous_26)
FNDA:0,(anonymous_27)
FNDA:0,(anonymous_28)
FNDA:0,(anonymous_29)
FNDA:0,(anonymous_30)
FNDA:0,(anonymous_31)
FNDA:0,(anonymous_32)
FNDA:0,(anonymous_33)
FNDA:0,(anonymous_34)
FNDA:0,(anonymous_35)
FNDA:0,(anonymous_36)
FNDA:0,(anonymous_37)
DA:54,0
DA:55,0
DA:56,0
DA:58,0
DA:60,0
DA:61,0
DA:62,0
DA:65,0
DA:66,0
DA:67,0
DA:69,0
DA:72,0
DA:73,0
DA:76,0
DA:79,0
DA:80,0
DA:81,0
DA:82,0
DA:83,0
DA:86,0
DA:88,0
DA:90,0
DA:92,0
DA:93,0
DA:94,0
DA:97,0
DA:99,0
DA:100,0
DA:101,0
DA:110,0
DA:113,0
DA:114,0
DA:115,0
DA:122,0
DA:123,0
DA:124,0
DA:127,0
DA:128,0
DA:130,0
DA:131,0
DA:134,0
DA:135,0
DA:136,0
DA:137,0
DA:144,0
DA:145,0
DA:147,0
DA:148,0
DA:151,0
DA:152,0
DA:153,0
DA:165,0
DA:166,0
DA:167,0
DA:173,0
DA:175,0
DA:176,0
DA:177,0
DA:185,0
DA:186,0
DA:187,0
DA:190,0
DA:191,0
DA:192,0
DA:195,0
DA:196,0
DA:197,0
DA:198,0
DA:201,0
DA:202,0
DA:205,0
DA:206,0
DA:207,0
DA:208,0
DA:209,0
DA:210,0
DA:213,0
DA:217,0
DA:218,0
DA:220,0
DA:241,0
DA:258,0
DA:290,0
DA:341,0
DA:349,0
LF:85
LH:0
BRDA:49,0,0,0
BRDA:50,1,0,0
BRDA:51,2,0,0
BRDA:52,3,0,0
BRDA:61,4,0,0
BRDA:61,4,1,0
BRDA:66,5,0,0
BRDA:66,5,1,0
BRDA:72,6,0,0
BRDA:72,6,1,0
BRDA:80,7,0,0
BRDA:80,7,1,0
BRDA:81,8,0,0
BRDA:81,8,1,0
BRDA:82,9,0,0
BRDA:82,9,1,0
BRDA:88,10,0,0
BRDA:88,10,1,0
BRDA:92,11,0,0
BRDA:92,11,1,0
BRDA:105,12,0,0
BRDA:105,12,1,0
BRDA:106,13,0,0
BRDA:106,13,1,0
BRDA:114,14,0,0
BRDA:114,14,1,0
BRDA:124,15,0,0
BRDA:124,15,1,0
BRDA:137,16,0,0
BRDA:137,16,1,0
BRDA:137,17,0,0
BRDA:137,17,1,0
BRDA:147,18,0,0
BRDA:147,18,1,0
BRDA:148,19,0,0
BRDA:148,19,1,0
BRDA:153,20,0,0
BRDA:153,20,1,0
BRDA:166,21,0,0
BRDA:166,21,1,0
BRDA:168,22,0,0
BRDA:168,22,1,0
BRDA:177,23,0,0
BRDA:177,23,1,0
BRDA:178,24,0,0
BRDA:178,24,1,0
BRDA:207,25,0,0
BRDA:207,25,1,0
BRDA:210,26,0,0
BRDA:210,26,1,0
BRDA:229,27,0,0
BRDA:229,27,1,0
BRDA:230,28,0,0
BRDA:230,28,1,0
BRDA:264,29,0,0
BRDA:264,29,1,0
BRDA:271,30,0,0
BRDA:271,30,1,0
BRDA:277,31,0,0
BRDA:277,31,1,0
BRDA:313,32,0,0
BRDA:313,32,1,0
BRDA:321,33,0,0
BRDA:321,33,1,0
BRDA:329,34,0,0
BRDA:329,34,1,0
BRDA:337,35,0,0
BRDA:337,35,1,0
BRDA:355,36,0,0
BRDA:355,36,1,0
BRF:70
BRH:0
end_of_record
TN:
SF:src/components/audio/AudioPlayer.tsx
FN:31,AudioPlayer
FN:45,(anonymous_1)
FN:54,(anonymous_2)
FN:62,(anonymous_3)
FNF:4
FNH:0
FNDA:0,AudioPlayer
FNDA:0,(anonymous_1)
FNDA:0,(anonymous_2)
FNDA:0,(anonymous_3)
DA:40,0
DA:41,0
DA:42,0
DA:43,0
DA:45,0
DA:46,0
DA:47,0
DA:48,0
DA:49,0
DA:50,0
DA:54,0
DA:55,0
DA:56,0
DA:57,0
DA:58,0
DA:62,0
DA:63,0
DA:64,0
DA:65,0
DA:66,0
DA:67,0
DA:71,0
LF:22
LH:0
BRDA:36,0,0,0
BRDA:38,1,0,0
BRDA:49,2,0,0
BRDA:49,2,1,0
BRDA:57,3,0,0
BRDA:57,3,1,0
BRDA:66,4,0,0
BRDA:66,4,1,0
BRDA:93,5,0,0
BRDA:93,5,1,0
BRDA:102,6,0,0
BRDA:102,6,1,0
BRDA:108,7,0,0
BRDA:108,7,1,0
BRDA:119,8,0,0
BRDA:119,8,1,0
BRDA:129,9,0,0
BRDA:129,9,1,0
BRDA:130,10,0,0
BRDA:130,10,1,0
BRDA:130,11,0,0
BRDA:130,11,1,0
BRDA:133,12,0,0
BRDA:133,12,1,0
BRDA:154,13,0,0
BRDA:154,13,1,0
BRDA:154,13,2,0
BRF:27
BRH:0
end_of_record
TN:
SF:src/components/audio/AudioRecorder.tsx
FN:21,AudioRecorder
FN:45,(anonymous_1)
FN:63,(anonymous_2)
FN:66,(anonymous_3)
FN:68,(anonymous_4)
FN:80,(anonymous_5)
FN:91,(anonymous_6)
FN:111,(anonymous_7)
FN:117,(anonymous_8)
FN:133,(anonymous_9)
FN:139,(anonymous_10)
FN:145,(anonymous_11)
FN:153,(anonymous_12)
FN:154,(anonymous_13)
FN:167,(anonymous_14)
FN:172,(anonymous_15)
FN:172,(anonymous_16)
FN:180,(anonymous_17)
FN:189,(anonymous_18)
FN:203,(anonymous_19)
FN:207,(anonymous_20)
FN:208,(anonymous_21)
FN:221,(anonymous_22)
FN:322,(anonymous_23)
FN:560,(anonymous_24)
FNF:25
FNH:0
FNDA:0,AudioRecorder
FNDA:0,(anonymous_1)
FNDA:0,(anonymous_2)
FNDA:0,(anonymous_3)
FNDA:0,(anonymous_4)
FNDA:0,(anonymous_5)
FNDA:0,(anonymous_6)
FNDA:0,(anonymous_7)
FNDA:0,(anonymous_8)
FNDA:0,(anonymous_9)
FNDA:0,(anonymous_10)
FNDA:0,(anonymous_11)
FNDA:0,(anonymous_12)
FNDA:0,(anonymous_13)
FNDA:0,(anonymous_14)
FNDA:0,(anonymous_15)
FNDA:0,(anonymous_16)
FNDA:0,(anonymous_17)
FNDA:0,(anonymous_18)
FNDA:0,(anonymous_19)
FNDA:0,(anonymous_20)
FNDA:0,(anonymous_21)
FNDA:0,(anonymous_22)
FNDA:0,(anonymous_23)
FNDA:0,(anonymous_24)
DA:27,0
DA:28,0
DA:29,0
DA:30,0
DA:31,0
DA:32,0
DA:33,0
DA:34,0
DA:35,0
DA:36,0
DA:37,0
DA:39,0
DA:40,0
DA:41,0
DA:42,0
DA:45,0
DA:46,0
DA:47,0
DA:48,0
DA:52,0
DA:55,0
DA:56,0
DA:60,0
DA:61,0
DA:64,0
DA:66,0
DA:70,0
DA:74,0
DA:78,0
DA:80,0
DA:81,0
DA:82,0
DA:83,0
DA:85,0
DA:86,0
DA:87,0
DA:89,0
DA:91,0
DA:92,0
DA:94,0
DA:95,0
DA:96,0
DA:97,0
DA:100,0
DA:101,0
DA:102,0
DA:104,0
DA:107,0
DA:111,0
DA:112,0
DA:113,0
DA:114,0
DA:117,0
DA:118,0
DA:119,0
DA:121,0
DA:122,0
DA:125,0
DA:131,0
DA:133,0
DA:134,0
DA:135,0
DA:139,0
DA:140,0
DA:141,0
DA:142,0
DA:143,0
DA:144,0
DA:145,0
DA:148,0
DA:149,0
DA:150,0
DA:151,0
DA:153,0
DA:154,0
DA:155,0
DA:156,0
DA:157,0
DA:159,0
DA:163,0
DA:167,0
DA:168,0
DA:169,0
DA:170,0
DA:171,0
DA:172,0
DA:174,0
DA:175,0
DA:176,0
DA:180,0
DA:181,0
DA:182,0
DA:183,0
DA:184,0
DA:186,0
DA:189,0
DA:190,0
DA:191,0
DA:192,0
DA:193,0
DA:195,0
DA:196,0
DA:197,0
DA:198,0
DA:199,0
DA:200,0
DA:203,0
DA:204,0
DA:205,0
DA:206,0
DA:207,0
DA:208,0
DA:209,0
DA:212,0
DA:213,0
DA:214,0
DA:216,0
DA:217,0
DA:221,0
DA:222,0
DA:223,0
DA:227,0
DA:228,0
DA:229,0
DA:233,0
DA:234,0
DA:246,0
DA:247,0
DA:265,0
DA:266,0
DA:322,0
DA:333,0
DA:334,0
DA:413,0
DA:561,0
DA:562,0
DA:563,0
LF:137
LH:0
BRDA:24,0,0,0
BRDA:25,1,0,0
BRDA:46,2,0,0
BRDA:46,2,1,0
BRDA:52,3,0,0
BRDA:52,3,1,0
BRDA:52,4,0,0
BRDA:52,4,1,0
BRDA:60,5,0,0
BRDA:60,5,1,0
BRDA:78,6,0,0
BRDA:78,6,1,0
BRDA:81,7,0,0
BRDA:81,7,1,0
BRDA:94,8,0,0
BRDA:94,8,1,0
BRDA:95,9,0,0
BRDA:95,9,1,0
BRDA:97,10,0,0
BRDA:97,10,1,0
BRDA:97,11,0,0
BRDA:97,11,1,0
BRDA:101,12,0,0
BRDA:101,12,1,0
BRDA:125,13,0,0
BRDA:125,13,1,0
BRDA:127,14,0,0
BRDA:127,14,1,0
BRDA:131,15,0,0
BRDA:131,15,1,0
BRDA:134,16,0,0
BRDA:134,16,1,0
BRDA:140,17,0,0
BRDA:140,17,1,0
BRDA:155,18,0,0
BRDA:155,18,1,0
BRDA:168,19,0,0
BRDA:168,19,1,0
BRDA:168,20,0,0
BRDA:168,20,1,0
BRDA:169,21,0,0
BRDA:169,21,1,0
BRDA:176,22,0,0
BRDA:176,22,1,0
BRDA:181,23,0,0
BRDA:181,23,1,0
BRDA:181,24,0,0
BRDA:181,24,1,0
BRDA:186,25,0,0
BRDA:186,25,1,0
BRDA:190,26,0,0
BRDA:190,26,1,0
BRDA:191,27,0,0
BRDA:191,27,1,0
BRDA:204,28,0,0
BRDA:204,28,1,0
BRDA:205,29,0,0
BRDA:205,29,1,0
BRDA:209,30,0,0
BRDA:209,30,1,0
BRDA:212,31,0,0
BRDA:212,31,1,0
BRDA:222,32,0,0
BRDA:222,32,1,0
BRDA:222,33,0,0
BRDA:222,33,1,0
BRDA:228,34,0,0
BRDA:228,34,1,0
BRDA:233,35,0,0
BRDA:233,35,1,0
BRDA:246,36,0,0
BRDA:246,36,1,0
BRDA:265,37,0,0
BRDA:265,37,1,0
BRDA:333,38,0,0
BRDA:333,38,1,0
BRDA:363,39,0,0
BRDA:363,39,1,0
BRDA:375,40,0,0
BRDA:375,40,1,0
BRDA:386,41,0,0
BRDA:386,41,1,0
BRDA:396,42,0,0
BRDA:396,42,1,0
BRDA:416,43,0,0
BRDA:416,43,1,0
BRDA:422,44,0,0
BRDA:422,44,1,0
BRDA:432,45,0,0
BRDA:432,45,1,0
BRDA:432,46,0,0
BRDA:432,46,1,0
BRDA:439,47,0,0
BRDA:439,47,1,0
BRDA:439,48,0,0
BRDA:439,48,1,0
BRDA:444,49,0,0
BRDA:444,49,1,0
BRDA:446,50,0,0
BRDA:446,50,1,0
BRDA:469,51,0,0
BRDA:469,51,1,0
BRDA:477,52,0,0
BRDA:477,52,1,0
BRDA:498,53,0,0
BRDA:498,53,1,0
BRDA:508,54,0,0
BRDA:508,54,1,0
BRDA:518,55,0,0
BRDA:518,55,1,0
BRDA:544,56,0,0
BRDA:544,56,1,0
BRDA:553,57,0,0
BRDA:553,57,1,0
BRDA:561,58,0,0
BRDA:561,58,1,0
BRF:116
BRH:0
end_of_record
TN:
SF:src/components/audio/AudioTrimmer.tsx
FN:32,AudioTrimmer
FN:48,(anonymous_1)
FN:60,(anonymous_2)
FN:73,(anonymous_3)
FN:106,(anonymous_4)
FN:144,(anonymous_5)
FN:146,(anonymous_6)
FN:149,(anonymous_7)
FN:166,(anonymous_8)
FN:179,(anonymous_9)
FN:188,(anonymous_10)
FN:198,(anonymous_11)
FN:237,(anonymous_12)
FN:253,(anonymous_13)
FN:416,audioBufferToWav
FN:454,writeString
FNF:16
FNH:0
FNDA:0,AudioTrimmer
FNDA:0,(anonymous_1)
FNDA:0,(anonymous_2)
FNDA:0,(anonymous_3)
FNDA:0,(anonymous_4)
FNDA:0,(anonymous_5)
FNDA:0,(anonymous_6)
FNDA:0,(anonymous_7)
FNDA:0,(anonymous_8)
FNDA:0,(anonymous_9)
FNDA:0,(anonymous_10)
FNDA:0,(anonymous_11)
FNDA:0,(anonymous_12)
FNDA:0,(anonymous_13)
FNDA:0,audioBufferToWav
FNDA:0,writeString
DA:19,0
DA:20,0
DA:21,0
DA:33,0
DA:34,0
DA:35,0
DA:36,0
DA:37,0
DA:39,0
DA:40,0
DA:41,0
DA:42,0
DA:43,0
DA:45,0
DA:48,0
DA:49,0
DA:51,0
DA:52,0
DA:53,0
DA:54,0
DA:56,0
DA:59,0
DA:60,0
DA:61,0
DA:62,0
DA:63,0
DA:64,0
DA:65,0
DA:67,0
DA:70,0
DA:73,0
DA:74,0
DA:77,0
DA:78,0
DA:79,0
DA:83,0
DA:84,0
DA:85,0
DA:88,0
DA:106,0
DA:107,0
DA:108,0
DA:109,0
DA:111,0
DA:112,0
DA:113,0
DA:117,0
DA:118,0
DA:119,0
DA:121,0
DA:123,0
DA:124,0
DA:126,0
DA:127,0
DA:130,0
DA:131,0
DA:140,0
DA:141,0
DA:144,0
DA:146,0
DA:149,0
DA:150,0
DA:151,0
DA:154,0
DA:155,0
DA:157,0
DA:159,0
DA:164,0
DA:166,0
DA:167,0
DA:168,0
DA:169,0
DA:170,0
DA:172,0
DA:173,0
DA:175,0
DA:179,0
DA:180,0
DA:181,0
DA:182,0
DA:184,0
DA:188,0
DA:189,0
DA:190,0
DA:191,0
DA:192,0
DA:193,0
DA:194,0
DA:198,0
DA:199,0
DA:200,0
DA:201,0
DA:202,0
DA:205,0
DA:206,0
DA:207,0
DA:208,0
DA:209,0
DA:211,0
DA:212,0
DA:213,0
DA:215,0
DA:216,0
DA:217,0
DA:218,0
DA:219,0
DA:223,0
DA:224,0
DA:225,0
DA:227,0
DA:228,0
DA:229,0
DA:230,0
DA:232,0
DA:237,0
DA:238,0
DA:239,0
DA:241,0
DA:243,0
DA:245,0
DA:246,0
DA:248,0
DA:249,0
DA:253,0
DA:254,0
DA:255,0
DA:256,0
DA:259,0
DA:261,0
DA:417,0
DA:418,0
DA:419,0
DA:420,0
DA:421,0
DA:422,0
DA:423,0
DA:424,0
DA:425,0
DA:427,0
DA:428,0
DA:429,0
DA:430,0
DA:431,0
DA:432,0
DA:433,0
DA:434,0
DA:435,0
DA:436,0
DA:437,0
DA:438,0
DA:439,0
DA:441,0
DA:442,0
DA:443,0
DA:444,0
DA:445,0
DA:446,0
DA:447,0
DA:451,0
DA:455,0
DA:456,0
LF:161
LH:0
BRDA:49,0,0,0
BRDA:49,0,1,0
BRDA:49,1,0,0
BRDA:49,1,1,0
BRDA:49,1,2,0
BRDA:56,2,0,0
BRDA:56,2,1,0
BRDA:61,3,0,0
BRDA:61,3,1,0
BRDA:74,4,0,0
BRDA:74,4,1,0
BRDA:74,5,0,0
BRDA:74,5,1,0
BRDA:74,5,2,0
BRDA:74,5,3,0
BRDA:77,6,0,0
BRDA:77,6,1,0
BRDA:77,7,0,0
BRDA:77,7,1,0
BRDA:83,8,0,0
BRDA:83,8,1,0
BRDA:107,9,0,0
BRDA:107,9,1,0
BRDA:111,10,0,0
BRDA:111,10,1,0
BRDA:113,11,0,0
BRDA:113,11,1,0
BRDA:114,12,0,0
BRDA:114,12,1,0
BRDA:115,13,0,0
BRDA:115,13,1,0
BRDA:121,14,0,0
BRDA:121,14,1,0
BRDA:150,15,0,0
BRDA:150,15,1,0
BRDA:169,16,0,0
BRDA:169,16,1,0
BRDA:172,17,0,0
BRDA:172,17,1,0
BRDA:180,18,0,0
BRDA:180,18,1,0
BRDA:181,19,0,0
BRDA:181,19,1,0
BRDA:189,20,0,0
BRDA:189,20,1,0
BRDA:191,21,0,0
BRDA:191,21,1,0
BRDA:200,22,0,0
BRDA:200,22,1,0
BRDA:219,23,0,0
BRDA:219,23,1,0
BRDA:238,24,0,0
BRDA:238,24,1,0
BRDA:241,25,0,0
BRDA:241,25,1,0
BRDA:243,26,0,0
BRDA:243,26,1,0
BRDA:287,27,0,0
BRDA:287,27,1,0
BRDA:290,28,0,0
BRDA:290,28,1,0
BRDA:295,29,0,0
BRDA:295,29,1,0
BRDA:315,30,0,0
BRDA:315,30,1,0
BRDA:320,31,0,0
BRDA:320,31,1,0
BRDA:320,31,2,0
BRDA:321,32,0,0
BRDA:321,32,1,0
BRDA:323,33,0,0
BRDA:323,33,1,0
BRDA:323,33,2,0
BRDA:356,34,0,0
BRDA:356,34,1,0
BRDA:365,35,0,0
BRDA:365,35,1,0
BRDA:385,36,0,0
BRDA:385,36,1,0
BRDA:398,37,0,0
BRDA:398,37,1,0
BRDA:408,38,0,0
BRDA:408,38,1,0
BRDA:446,39,0,0
BRDA:446,39,1,0
BRF:85
BRH:0
end_of_record
TN:
SF:src/components/audio/VoiceCloneScript.tsx
FN:45,ScriptControls
FN:96,VoiceCloneScript
FN:99,(anonymous_2)
FN:100,(anonymous_3)
FN:101,(anonymous_4)
FN:143,(anonymous_5)
FN:185,(anonymous_6)
FN:185,(anonymous_7)
FN:211,(anonymous_8)
FNF:9
FNH:0
FNDA:0,ScriptControls
FNDA:0,VoiceCloneScript
FNDA:0,(anonymous_2)
FNDA:0,(anonymous_3)
FNDA:0,(anonymous_4)
FNDA:0,(anonymous_5)
FNDA:0,(anonymous_6)
FNDA:0,(anonymous_7)
FNDA:0,(anonymous_8)
DA:10,0
DA:29,0
DA:52,0
DA:103,0
DA:105,0
DA:144,0
DA:185,0
DA:212,0
LF:8
LH:0
BRDA:54,0,0,0
BRDA:54,0,1,0
BRDA:78,1,0,0
BRDA:78,1,1,0
BRDA:81,2,0,0
BRDA:81,2,1,0
BRDA:97,3,0,0
BRDA:98,4,0,0
BRDA:99,5,0,0
BRDA:100,6,0,0
BRDA:101,7,0,0
BRDA:186,8,0,0
BRDA:186,8,1,0
BRDA:197,9,0,0
BRDA:197,9,1,0
BRF:15
BRH:0
end_of_record
TN:
SF:src/components/audio/VoiceConsentModal.tsx
FN:43,VoiceConsentModal
FN:61,(anonymous_1)
FN:105,(anonymous_2)
FN:118,(anonymous_3)
FN:182,(anonymous_4)
FN:185,(anonymous_5)
FN:201,(anonymous_6)
FN:236,(anonymous_7)
FN:257,(anonymous_8)
FN:274,(anonymous_9)
FN:291,(anonymous_10)
FN:321,(anonymous_11)
FNF:12
FNH:0
FNDA:0,VoiceConsentModal
FNDA:0,(anonymous_1)
FNDA:0,(anonymous_2)
FNDA:0,(anonymous_3)
FNDA:0,(anonymous_4)
FNDA:0,(anonymous_5)
FNDA:0,(anonymous_6)
FNDA:0,(anonymous_7)
FNDA:0,(anonymous_8)
FNDA:0,(anonymous_9)
FNDA:0,(anonymous_10)
FNDA:0,(anonymous_11)
DA:51,0
DA:52,0
DA:53,0
DA:54,0
DA:55,0
DA:56,0
DA:57,0
DA:58,0
DA:59,0
DA:61,0
DA:62,0
DA:63,0
DA:64,0
DA:67,0
DA:68,0
DA:70,0
DA:71,0
DA:72,0
DA:90,0
DA:92,0
DA:93,0
DA:96,0
DA:97,0
DA:99,0
DA:101,0
DA:105,0
DA:106,0
DA:107,0
DA:108,0
DA:109,0
DA:110,0
DA:111,0
DA:112,0
DA:113,0
DA:114,0
DA:118,0
DA:119,0
DA:121,0
DA:123,0
DA:125,0
DA:127,0
DA:131,0
DA:182,0
DA:186,0
DA:201,0
DA:236,0
DA:257,0
DA:274,0
DA:291,0
DA:321,0
LF:50
LH:0
BRDA:62,0,0,0
BRDA:62,0,1,0
BRDA:83,1,0,0
BRDA:83,1,1,0
BRDA:92,2,0,0
BRDA:92,2,1,0
BRDA:93,3,0,0
BRDA:93,3,1,0
BRDA:99,4,0,0
BRDA:99,4,1,0
BRDA:106,5,0,0
BRDA:106,5,1,0
BRDA:119,6,0,0
BRDA:119,6,1,0
BRDA:119,6,2,0
BRDA:119,6,3,0
BRDA:156,7,0,0
BRDA:156,7,1,0
BRDA:192,8,0,0
BRDA:192,8,1,0
BRDA:225,9,0,0
BRDA:225,9,1,0
BRDA:314,10,0,0
BRDA:314,10,1,0
BRDA:353,11,0,0
BRDA:353,11,1,0
BRDA:354,12,0,0
BRDA:354,12,1,0
BRDA:356,13,0,0
BRDA:356,13,1,0
BRF:30
BRH:0
end_of_record
TN:
SF:src/components/audio/VoicePlayer.tsx
FN:11,VoicePlayer
FNF:1
FNH:0
FNDA:0,VoicePlayer
DA:12,0
LF:1
LH:0
BRF:0
BRH:0
end_of_record
TN:
SF:src/components/audio/VoiceProfileSelector.tsx
FN:48,VoiceProfileSelector
FN:61,(anonymous_1)
FN:66,(anonymous_2)
FN:67,(anonymous_3)
FN:70,(anonymous_4)
FN:83,(anonymous_5)
FN:114,(anonymous_6)
FN:146,(anonymous_7)
FN:148,(anonymous_8)
FN:162,(anonymous_9)
FN:225,(anonymous_10)
FNF:11
FNH:0
FNDA:0,VoiceProfileSelector
FNDA:0,(anonymous_1)
FNDA:0,(anonymous_2)
FNDA:0,(anonymous_3)
FNDA:0,(anonymous_4)
FNDA:0,(anonymous_5)
FNDA:0,(anonymous_6)
FNDA:0,(anonymous_7)
FNDA:0,(anonymous_8)
FNDA:0,(anonymous_9)
FNDA:0,(anonymous_10)
DA:55,0
DA:57,0
DA:61,0
DA:62,0
DA:63,0
DA:64,0
DA:65,0
DA:66,0
DA:67,0
DA:70,0
DA:71,0
DA:73,0
DA:75,0
DA:77,0
DA:79,0
DA:83,0
DA:84,0
DA:86,0
DA:88,0
DA:90,0
DA:92,0
DA:94,0
DA:98,0
DA:99,0
DA:106,0
DA:107,0
DA:114,0
DA:116,0
DA:117,0
DA:138,0
DA:146,0
DA:149,0
DA:162,0
DA:226,0
DA:227,0
LF:35
LH:0
BRDA:53,0,0,0
BRDA:58,1,0,0
BRDA:58,1,1,0
BRDA:62,2,0,0
BRDA:62,2,1,0
BRDA:71,3,0,0
BRDA:71,3,1,0
BRDA:71,3,2,0
BRDA:71,3,3,0
BRDA:84,4,0,0
BRDA:84,4,1,0
BRDA:84,4,2,0
BRDA:84,4,3,0
BRDA:84,4,4,0
BRDA:98,5,0,0
BRDA:98,5,1,0
BRDA:106,6,0,0
BRDA:106,6,1,0
BRDA:114,7,0,0
BRDA:114,7,1,0
BRDA:116,8,0,0
BRDA:116,8,1,0
BRDA:124,9,0,0
BRDA:124,9,1,0
BRDA:145,10,0,0
BRDA:145,10,1,0
BRDA:156,11,0,0
BRDA:156,11,1,0
BRDA:176,12,0,0
BRDA:176,12,1,0
BRDA:184,13,0,0
BRDA:184,13,1,0
BRDA:200,14,0,0
BRDA:200,14,1,0
BRDA:220,15,0,0
BRDA:220,15,1,0
BRDA:220,15,2,0
BRDA:221,16,0,0
BRDA:221,16,1,0
BRDA:229,17,0,0
BRDA:229,17,1,0
BRDA:231,18,0,0
BRDA:231,18,1,0
BRDA:246,19,0,0
BRDA:246,19,1,0
BRF:45
BRH:0
end_of_record
TN:
SF:src/components/audio/VoiceTrainingModal.tsx
FN:29,(anonymous_0)
FN:29,(anonymous_1)
FN:31,(anonymous_2)
FN:34,(anonymous_3)
FN:34,(anonymous_4)
FN:36,(anonymous_5)
FN:63,VoiceTrainingModal
FN:89,(anonymous_7)
FN:92,(anonymous_8)
FN:99,(anonymous_9)
FN:103,(anonymous_10)
FN:114,(anonymous_11)
FN:120,(anonymous_12)
FN:125,(anonymous_13)
FN:131,(anonymous_14)
FN:140,(anonymous_15)
FN:146,(anonymous_16)
FN:150,(anonymous_17)
FN:161,(anonymous_18)
FN:264,(anonymous_19)
FN:268,(anonymous_20)
FN:291,(anonymous_21)
FN:464,(anonymous_22)
FN:495,(anonymous_23)
FN:515,(anonymous_24)
FN:520,(anonymous_25)
FNF:26
FNH:0
FNDA:0,(anonymous_0)
FNDA:0,(anonymous_1)
FNDA:0,(anonymous_2)
FNDA:0,(anonymous_3)
FNDA:0,(anonymous_4)
FNDA:0,(anonymous_5)
FNDA:0,VoiceTrainingModal
FNDA:0,(anonymous_7)
FNDA:0,(anonymous_8)
FNDA:0,(anonymous_9)
FNDA:0,(anonymous_10)
FNDA:0,(anonymous_11)
FNDA:0,(anonymous_12)
FNDA:0,(anonymous_13)
FNDA:0,(anonymous_14)
FNDA:0,(anonymous_15)
FNDA:0,(anonymous_16)
FNDA:0,(anonymous_17)
FNDA:0,(anonymous_18)
FNDA:0,(anonymous_19)
FNDA:0,(anonymous_20)
FNDA:0,(anonymous_21)
FNDA:0,(anonymous_22)
FNDA:0,(anonymous_23)
FNDA:0,(anonymous_24)
FNDA:0,(anonymous_25)
DA:29,0
DA:31,0
DA:34,0
DA:36,0
DA:54,0
DA:77,0
DA:78,0
DA:79,0
DA:82,0
DA:85,0
DA:86,0
DA:89,0
DA:90,0
DA:92,0
DA:93,0
DA:94,0
DA:95,0
DA:96,0
DA:97,0
DA:99,0
DA:103,0
DA:104,0
DA:105,0
DA:106,0
DA:107,0
DA:109,0
DA:110,0
DA:114,0
DA:115,0
DA:116,0
DA:117,0
DA:120,0
DA:121,0
DA:122,0
DA:125,0
DA:126,0
DA:127,0
DA:128,0
DA:131,0
DA:132,0
DA:133,0
DA:140,0
DA:141,0
DA:142,0
DA:146,0
DA:147,0
DA:150,0
DA:151,0
DA:152,0
DA:153,0
DA:156,0
DA:157,0
DA:158,0
DA:161,0
DA:162,0
DA:163,0
DA:165,0
DA:169,0
DA:265,0
DA:268,0
DA:291,0
DA:464,0
DA:495,0
DA:516,0
DA:520,0
LF:65
LH:0
BRDA:90,0,0,0
BRDA:90,0,1,0
BRDA:105,1,0,0
BRDA:105,1,1,0
BRDA:109,2,0,0
BRDA:109,2,1,0
BRDA:132,3,0,0
BRDA:132,3,1,0
BRDA:132,4,0,0
BRDA:132,4,1,0
BRDA:136,5,0,0
BRDA:136,5,1,0
BRDA:141,6,0,0
BRDA:141,6,1,0
BRDA:151,7,0,0
BRDA:151,7,1,0
BRDA:158,8,0,0
BRDA:158,8,1,0
BRDA:158,8,2,0
BRDA:162,9,0,0
BRDA:162,9,1,0
BRDA:163,10,0,0
BRDA:163,10,1,0
BRDA:200,11,0,0
BRDA:200,11,1,0
BRDA:224,12,0,0
BRDA:224,12,1,0
BRDA:231,13,0,0
BRDA:231,13,1,0
BRDA:253,14,0,0
BRDA:253,14,1,0
BRDA:269,15,0,0
BRDA:269,15,1,0
BRDA:274,16,0,0
BRDA:274,16,1,0
BRDA:275,17,0,0
BRDA:275,17,1,0
BRDA:276,18,0,0
BRDA:276,18,1,0
BRDA:277,19,0,0
BRDA:277,19,1,0
BRDA:278,20,0,0
BRDA:278,20,1,0
BRDA:281,21,0,0
BRDA:281,21,1,0
BRDA:288,22,0,0
BRDA:288,22,1,0
BRDA:288,22,2,0
BRDA:298,23,0,0
BRDA:298,23,1,0
BRDA:298,23,2,0
BRDA:298,23,3,0
BRDA:343,24,0,0
BRDA:343,24,1,0
BRDA:343,24,2,0
BRDA:343,24,3,0
BRDA:387,25,0,0
BRDA:387,25,1,0
BRDA:408,26,0,0
BRDA:408,26,1,0
BRDA:456,27,0,0
BRDA:456,27,1,0
BRDA:456,28,0,0
BRDA:456,28,1,0
BRDA:485,29,0,0
BRDA:485,29,1,0
BRDA:485,30,0,0
BRDA:485,30,1,0
BRDA:522,31,0,0
BRDA:522,31,1,0
BRDA:523,32,0,0
BRDA:523,32,1,0
BRDA:527,33,0,0
BRDA:527,33,1,0
BRDA:536,34,0,0
BRDA:536,34,1,0
BRDA:563,35,0,0
BRDA:563,35,1,0
BRDA:600,36,0,0
BRDA:600,36,1,0
BRDA:602,37,0,0
BRDA:602,37,1,0
BRDA:610,38,0,0
BRDA:610,38,1,0
BRF:84
BRH:0
end_of_record
TN:
SF:src/components/audio/WaveformPlayer.tsx
FN:11,formatTime
FN:18,WaveformPlayer
FN:25,(anonymous_2)
FN:30,(anonymous_3)
FN:31,(anonymous_4)
FN:35,(anonymous_5)
FN:45,(anonymous_6)
FN:55,(anonymous_7)
FN:61,(anonymous_8)
FN:86,(anonymous_9)
FNF:10
FNH:0
FNDA:0,formatTime
FNDA:0,WaveformPlayer
FNDA:0,(anonymous_2)
FNDA:0,(anonymous_3)
FNDA:0,(anonymous_4)
FNDA:0,(anonymous_5)
FNDA:0,(anonymous_6)
FNDA:0,(anonymous_7)
FNDA:0,(anonymous_8)
FNDA:0,(anonymous_9)
DA:12,0
DA:13,0
DA:14,0
DA:15,0
DA:19,0
DA:20,0
DA:21,0
DA:22,0
DA:23,0
DA:25,0
DA:26,0
DA:27,0
DA:28,0
DA:30,0
DA:31,0
DA:32,0
DA:33,0
DA:35,0
DA:36,0
DA:37,0
DA:38,0
DA:41,0
DA:42,0
DA:43,0
DA:45,0
DA:46,0
DA:47,0
DA:48,0
DA:49,0
DA:50,0
DA:51,0
DA:55,0
DA:56,0
DA:57,0
DA:58,0
DA:59,0
DA:61,0
DA:62,0
DA:66,0
DA:87,0
LF:40
LH:0
BRDA:12,0,0,0
BRDA:12,0,1,0
BRDA:12,1,0,0
BRDA:12,1,1,0
BRDA:26,2,0,0
BRDA:26,2,1,0
BRDA:33,3,0,0
BRDA:33,3,1,0
BRDA:56,4,0,0
BRDA:56,4,1,0
BRDA:56,5,0,0
BRDA:56,5,1,0
BRDA:57,6,0,0
BRDA:57,6,1,0
BRDA:68,7,0,0
BRDA:68,7,1,0
BRDA:93,8,0,0
BRDA:93,8,1,0
BRDA:94,9,0,0
BRDA:94,9,1,0
BRDA:96,10,0,0
BRDA:96,10,1,0
BRDA:138,11,0,0
BRDA:138,11,1,0
BRDA:142,12,0,0
BRDA:142,12,1,0
BRDA:149,13,0,0
BRDA:149,13,1,0
BRF:28
BRH:0
end_of_record
TN:
SF:src/components/auth/AuthGuard.tsx
FN:12,AuthGuard
FN:16,(anonymous_1)
FNF:2
FNH:0
FNDA:0,AuthGuard
FNDA:0,(anonymous_1)
DA:13,0
DA:14,0
DA:16,0
DA:18,0
DA:21,0
DA:22,0
DA:23,0
DA:28,0
DA:29,0
DA:30,0
DA:45,0
DA:46,0
DA:50,0
LF:13
LH:0
BRDA:18,0,0,0
BRDA:18,0,1,0
BRDA:21,1,0,0
BRDA:21,1,1,0
BRDA:28,2,0,0
BRDA:28,2,1,0
BRDA:29,3,0,0
BRDA:29,3,1,0
BRDA:45,4,0,0
BRDA:45,4,1,0
BRF:10
BRH:0
end_of_record
TN:
SF:src/components/auth/AuthProvider.tsx
FN:11,AuthProvider
FNF:1
FNH:0
FNDA:0,AuthProvider
DA:12,0
LF:1
LH:0
BRF:0
BRH:0
end_of_record
TN:
SF:src/components/auth/MFAChallenge.tsx
FN:21,MFAChallenge
FN:30,(anonymous_1)
FN:37,(anonymous_2)
FN:39,(anonymous_3)
FN:40,(anonymous_4)
FN:42,(anonymous_5)
FN:45,(anonymous_6)
FN:70,(anonymous_7)
FN:110,(anonymous_8)
FN:131,(anonymous_9)
FNF:10
FNH:0
FNDA:0,MFAChallenge
FNDA:0,(anonymous_1)
FNDA:0,(anonymous_2)
FNDA:0,(anonymous_3)
FNDA:0,(anonymous_4)
FNDA:0,(anonymous_5)
FNDA:0,(anonymous_6)
FNDA:0,(anonymous_7)
FNDA:0,(anonymous_8)
FNDA:0,(anonymous_9)
DA:22,0
DA:23,0
DA:24,0
DA:25,0
DA:26,0
DA:27,0
DA:30,0
DA:31,0
DA:32,0
DA:37,0
DA:38,0
DA:39,0
DA:40,0
DA:42,0
DA:45,0
DA:46,0
DA:48,0
DA:49,0
DA:51,0
DA:52,0
DA:58,0
DA:59,0
DA:61,0
DA:62,0
DA:64,0
DA:66,0
DA:70,0
DA:71,0
DA:73,0
DA:74,0
DA:76,0
DA:77,0
DA:83,0
DA:84,0
DA:86,0
DA:88,0
DA:90,0
DA:94,0
DA:110,0
DA:131,0
LF:40
LH:0
BRDA:31,0,0,0
BRDA:31,0,1,0
BRDA:31,1,0,0
BRDA:31,1,1,0
BRDA:38,2,0,0
BRDA:38,2,1,0
BRDA:46,3,0,0
BRDA:46,3,1,0
BRDA:46,4,0,0
BRDA:46,4,1,0
BRDA:46,4,2,0
BRDA:59,5,0,0
BRDA:59,5,1,0
BRDA:59,6,0,0
BRDA:59,6,1,0
BRDA:71,7,0,0
BRDA:71,7,1,0
BRDA:84,8,0,0
BRDA:84,8,1,0
BRDA:84,9,0,0
BRDA:84,9,1,0
BRDA:102,10,0,0
BRDA:102,10,1,0
BRDA:109,11,0,0
BRDA:109,11,1,0
BRDA:115,12,0,0
BRDA:115,12,1,0
BRDA:115,12,2,0
BRDA:115,12,3,0
BRDA:122,13,0,0
BRDA:122,13,1,0
BRDA:147,14,0,0
BRDA:147,14,1,0
BRDA:148,15,0,0
BRDA:148,15,1,0
BRDA:151,16,0,0
BRDA:151,16,1,0
BRDA:154,17,0,0
BRDA:154,17,1,0
BRDA:159,18,0,0
BRDA:159,18,1,0
BRDA:162,19,0,0
BRDA:162,19,1,0
BRDA:164,20,0,0
BRDA:164,20,1,0
BRDA:171,21,0,0
BRDA:171,21,1,0
BRF:47
BRH:0
end_of_record
TN:
SF:src/components/auth/SessionErrorBoundary.tsx
FN:21,(anonymous_0)
FN:30,(anonymous_1)
FN:38,(anonymous_2)
FN:45,(anonymous_3)
FN:54,(anonymous_4)
FN:60,(anonymous_5)
FN:72,(anonymous_6)
FN:142,(anonymous_7)
FN:151,(anonymous_8)
FN:178,SessionErrorBoundaryWrapper
FNF:10
FNH:3
FNDA:2,(anonymous_0)
FNDA:0,(anonymous_1)
FNDA:2,(anonymous_2)
FNDA:2,(anonymous_3)
FNDA:0,(anonymous_4)
FNDA:0,(anonymous_5)
FNDA:0,(anonymous_6)
FNDA:0,(anonymous_7)
FNDA:0,(anonymous_8)
FNDA:0,SessionErrorBoundaryWrapper
DA:19,2
DA:22,2
DA:23,2
DA:31,0
DA:39,2
DA:44,2
DA:45,2
DA:46,2
DA:48,1
DA:49,1
DA:55,0
DA:56,0
DA:60,2
DA:62,0
DA:69,0
DA:73,0
DA:75,0
DA:76,0
DA:80,0
DA:81,0
DA:102,0
DA:104,0
DA:142,0
DA:151,0
DA:168,0
DA:179,0
DA:180,0
DA:182,0
DA:187,0
DA:189,0
LF:30
LH:10
BRDA:44,0,0,2
BRDA:44,0,1,0
BRDA:46,1,0,1
BRDA:46,1,1,1
BRDA:55,2,0,0
BRDA:55,2,1,0
BRDA:73,3,0,0
BRDA:73,3,1,0
BRDA:75,4,0,0
BRDA:75,4,1,0
BRDA:80,5,0,0
BRDA:80,5,1,0
BRDA:102,6,0,0
BRDA:102,6,1,0
BRDA:114,7,0,0
BRDA:114,7,1,0
BRDA:117,8,0,0
BRDA:117,8,1,0
BRDA:132,9,0,0
BRDA:132,9,1,0
BRDA:139,10,0,0
BRDA:139,10,1,0
BRDA:143,11,0,0
BRDA:143,11,1,0
BRDA:187,12,0,0
BRDA:187,12,1,0
BRF:26
BRH:3
end_of_record
TN:
SF:src/components/billing/EntitlementGates.tsx
FN:15,FeatureGate
FN:51,UsageBar
FN:156,UpgradePrompt
FN:198,formatBytes
FNF:4
FNH:0
FNDA:0,FeatureGate
FNDA:0,UsageBar
FNDA:0,UpgradePrompt
FNDA:0,formatBytes
DA:23,0
DA:25,0
DA:33,0
DA:35,0
DA:36,0
DA:37,0
DA:63,0
DA:65,0
DA:67,0
DA:68,0
DA:69,0
DA:70,0
DA:73,0
DA:74,0
DA:75,0
DA:87,0
DA:89,0
DA:157,0
DA:159,0
DA:161,0
DA:162,0
DA:174,0
DA:199,0
DA:200,0
DA:201,0
DA:202,0
DA:203,0
LF:27
LH:0
BRDA:33,0,0,0
BRDA:33,0,1,0
BRDA:35,1,0,0
BRDA:35,1,1,0
BRDA:36,2,0,0
BRDA:36,2,1,0
BRDA:36,3,0,0
BRDA:36,3,1,0
BRDA:51,4,0,0
BRDA:51,5,0,0
BRDA:51,6,0,0
BRDA:65,7,0,0
BRDA:65,7,1,0
BRDA:68,8,0,0
BRDA:68,8,1,0
BRDA:69,9,0,0
BRDA:69,9,1,0
BRDA:70,10,0,0
BRDA:70,10,1,0
BRDA:73,11,0,0
BRDA:73,11,1,0
BRDA:73,12,0,0
BRDA:73,12,1,0
BRDA:74,13,0,0
BRDA:74,13,1,0
BRDA:78,14,0,0
BRDA:78,14,1,0
BRDA:87,15,0,0
BRDA:87,15,1,0
BRDA:87,16,0,0
BRDA:87,16,1,0
BRDA:91,17,0,0
BRDA:91,17,1,0
BRDA:94,18,0,0
BRDA:94,18,1,0
BRDA:100,19,0,0
BRDA:100,19,1,0
BRDA:112,20,0,0
BRDA:112,20,1,0
BRDA:120,21,0,0
BRDA:120,21,1,0
BRDA:123,22,0,0
BRDA:123,22,1,0
BRDA:156,23,0,0
BRDA:159,24,0,0
BRDA:159,24,1,0
BRDA:161,25,0,0
BRDA:161,25,1,0
BRDA:165,26,0,0
BRDA:165,26,1,0
BRDA:177,27,0,0
BRDA:177,27,1,0
BRDA:199,28,0,0
BRDA:199,28,1,0
BRF:54
BRH:0
end_of_record
TN:
SF:src/components/billing/index.ts
FNF:0
FNH:0
LF:0
LH:0
BRF:0
BRH:0
end_of_record
TN:
SF:src/components/brand/AnimatedWaveform.tsx
FN:39,AnimatedWaveform
FN:55,(anonymous_1)
FNF:2
FNH:0
FNDA:0,AnimatedWaveform
FNDA:0,(anonymous_1)
DA:6,0
DA:16,0
DA:40,0
DA:56,0
DA:57,0
DA:58,0
DA:60,0
LF:7
LH:0
BRDA:39,0,0,0
BRF:1
BRH:0
end_of_record
TN:
SF:src/components/dashboard/ActivityFeed.tsx
FN:15,relativeTime
FN:27,iconFor
FN:33,ActivityFeed
FN:62,(anonymous_3)
FN:65,(anonymous_4)
FNF:5
FNH:0
FNDA:0,relativeTime
FNDA:0,iconFor
FNDA:0,ActivityFeed
FNDA:0,(anonymous_3)
FNDA:0,(anonymous_4)
DA:16,0
DA:17,0
DA:18,0
DA:19,0
DA:20,0
DA:21,0
DA:22,0
DA:23,0
DA:24,0
DA:28,0
DA:29,0
DA:30,0
DA:34,0
DA:36,0
DA:38,0
DA:63,0
DA:65,0
LF:17
LH:0
BRDA:18,0,0,0
BRDA:18,0,1,0
BRDA:19,1,0,0
BRDA:19,1,1,0
BRDA:21,2,0,0
BRDA:21,2,1,0
BRDA:23,3,0,0
BRDA:23,3,1,0
BRDA:28,4,0,0
BRDA:28,4,1,0
BRDA:29,5,0,0
BRDA:29,5,1,0
BRDA:36,6,0,0
BRDA:36,6,1,0
BRDA:65,7,0,0
BRDA:65,7,1,0
BRDA:72,8,0,0
BRDA:72,8,1,0
BRDA:74,9,0,0
BRDA:74,9,1,0
BRF:20
BRH:0
end_of_record
TN:
SF:src/components/dashboard/ContinueCard.tsx
FN:26,relativeTime
FN:40,ContinueCard
FN:108,(anonymous_2)
FN:111,(anonymous_3)
FNF:4
FNH:0
FNDA:0,relativeTime
FNDA:0,ContinueCard
FNDA:0,(anonymous_2)
FNDA:0,(anonymous_3)
DA:27,0
DA:28,0
DA:29,0
DA:30,0
DA:31,0
DA:32,0
DA:33,0
DA:34,0
DA:35,0
DA:36,0
DA:37,0
DA:41,0
DA:42,0
DA:44,0
DA:46,0
DA:47,0
DA:57,0
DA:58,0
DA:68,0
DA:69,0
DA:71,0
DA:73,0
DA:83,0
DA:85,0
DA:109,0
DA:111,0
LF:26
LH:0
BRDA:27,0,0,0
BRDA:27,0,1,0
BRDA:31,1,0,0
BRDA:31,1,1,0
BRDA:32,2,0,0
BRDA:32,2,1,0
BRDA:34,3,0,0
BRDA:34,3,1,0
BRDA:36,4,0,0
BRDA:36,4,1,0
BRDA:46,5,0,0
BRDA:46,5,1,0
BRDA:51,6,0,0
BRDA:51,6,1,0
BRDA:57,7,0,0
BRDA:57,7,1,0
BRDA:69,8,0,0
BRDA:69,8,1,0
BRDA:71,9,0,0
BRDA:71,9,1,0
BRDA:72,10,0,0
BRDA:72,10,1,0
BRDA:83,11,0,0
BRDA:83,11,1,0
BRF:24
BRH:0
end_of_record
TN:
SF:src/components/dashboard/FamilyAtAGlance.tsx
FN:13,FamilyAtAGlance
FN:17,(anonymous_1)
FN:53,(anonymous_2)
FN:73,(anonymous_3)
FN:105,(anonymous_4)
FN:113,(anonymous_5)
FNF:6
FNH:0
FNDA:0,FamilyAtAGlance
FNDA:0,(anonymous_1)
FNDA:0,(anonymous_2)
FNDA:0,(anonymous_3)
FNDA:0,(anonymous_4)
FNDA:0,(anonymous_5)
DA:14,0
DA:15,0
DA:17,0
DA:18,0
DA:26,0
DA:29,0
DA:53,0
DA:73,0
DA:106,0
DA:107,0
DA:110,0
DA:113,0
LF:12
LH:0
BRDA:24,0,0,0
BRDA:24,0,1,0
BRDA:51,1,0,0
BRDA:51,1,1,0
BRDA:71,2,0,0
BRDA:71,2,1,0
BRDA:106,3,0,0
BRDA:106,3,1,0
BRDA:107,4,0,0
BRDA:107,4,1,0
BRDA:136,5,0,0
BRDA:136,5,1,0
BRDA:139,6,0,0
BRDA:139,6,1,0
BRF:14
BRH:0
end_of_record
TN:
SF:src/components/dashboard/FamilyspaceDashboard.tsx
FN:15,FamilyspaceDashboard
FNF:1
FNH:0
FNDA:0,FamilyspaceDashboard
DA:32,0
DA:34,0
DA:35,0
DA:54,0
DA:55,0
DA:64,0
DA:65,0
DA:67,0
DA:69,0
DA:74,0
DA:76,0
LF:11
LH:0
BRDA:34,0,0,0
BRDA:34,0,1,0
BRDA:54,1,0,0
BRDA:54,1,1,0
BRDA:58,2,0,0
BRDA:58,2,1,0
BRDA:64,3,0,0
BRDA:64,3,1,0
BRDA:67,4,0,0
BRDA:67,4,1,0
BRDA:69,5,0,0
BRDA:69,5,1,0
BRDA:69,5,2,0
BRDA:69,5,3,0
BRDA:69,5,4,0
BRDA:73,6,0,0
BRDA:73,6,1,0
BRDA:73,7,0,0
BRDA:73,7,1,0
BRDA:74,8,0,0
BRDA:74,8,1,0
BRDA:98,9,0,0
BRDA:98,9,1,0
BRDA:100,10,0,0
BRDA:100,10,1,0
BRDA:104,11,0,0
BRDA:104,11,1,0
BRDA:106,12,0,0
BRDA:106,12,1,0
BRDA:106,12,2,0
BRDA:108,13,0,0
BRDA:108,13,1,0
BRDA:109,14,0,0
BRDA:109,14,1,0
BRDA:113,15,0,0
BRDA:113,15,1,0
BRDA:114,16,0,0
BRDA:114,16,1,0
BRDA:133,17,0,0
BRDA:133,17,1,0
BRDA:133,17,2,0
BRDA:135,18,0,0
BRDA:135,18,1,0
BRDA:136,19,0,0
BRDA:136,19,1,0
BRDA:140,20,0,0
BRDA:140,20,1,0
BRDA:141,21,0,0
BRDA:141,21,1,0
BRDA:148,22,0,0
BRDA:148,22,1,0
BRDA:148,22,2,0
BRDA:150,23,0,0
BRDA:150,23,1,0
BRDA:156,24,0,0
BRDA:156,24,1,0
BRF:56
BRH:0
end_of_record
TN:
SF:src/components/dashboard/FamilyspaceHero.tsx
FN:20,buildSummary
FN:29,FamilyspaceHero
FNF:2
FNH:0
FNDA:0,buildSummary
FNDA:0,FamilyspaceHero
DA:12,0
DA:21,0
DA:22,0
DA:23,0
DA:24,0
DA:25,0
DA:26,0
DA:30,0
DA:31,0
DA:32,0
DA:33,0
DA:35,0
LF:12
LH:0
BRDA:22,0,0,0
BRDA:22,0,1,0
BRDA:22,1,0,0
BRDA:22,1,1,0
BRDA:23,2,0,0
BRDA:23,2,1,0
BRDA:23,3,0,0
BRDA:23,3,1,0
BRDA:24,4,0,0
BRDA:24,4,1,0
BRDA:24,5,0,0
BRDA:24,5,1,0
BRDA:25,6,0,0
BRDA:25,6,1,0
BRDA:30,7,0,0
BRDA:30,7,1,0
BRDA:31,8,0,0
BRDA:31,8,1,0
BRDA:92,9,0,0
BRDA:92,9,1,0
BRDA:94,10,0,0
BRDA:94,10,1,0
BRDA:108,11,0,0
BRDA:108,11,1,0
BRDA:110,12,0,0
BRDA:110,12,1,0
BRF:26
BRH:0
end_of_record
TN:
SF:src/components/dashboard/FeaturedPersonCard.tsx
FN:10,(anonymous_0)
FN:12,FeaturedPersonCard
FN:25,(anonymous_2)
FNF:3
FNH:0
FNDA:0,(anonymous_0)
FNDA:0,FeaturedPersonCard
FNDA:0,(anonymous_2)
DA:10,0
DA:13,0
DA:14,0
DA:16,0
DA:17,0
DA:18,0
DA:19,0
DA:20,0
DA:22,0
DA:25,0
LF:10
LH:0
BRDA:10,0,0,0
BRDA:10,0,1,0
BRDA:14,1,0,0
BRDA:14,1,1,0
BRDA:16,2,0,0
BRDA:16,2,1,0
BRDA:17,3,0,0
BRDA:17,3,1,0
BRDA:20,4,0,0
BRDA:20,4,1,0
BRDA:20,5,0,0
BRDA:20,5,1,0
BRDA:20,6,0,0
BRDA:20,6,1,0
BRDA:20,7,0,0
BRDA:20,7,1,0
BRDA:72,8,0,0
BRDA:72,8,1,0
BRDA:107,9,0,0
BRDA:107,9,1,0
BRDA:123,10,0,0
BRDA:123,10,1,0
BRDA:149,11,0,0
BRDA:149,11,1,0
BRF:24
BRH:0
end_of_record
TN:
SF:src/components/dashboard/OnboardingChecklist.tsx
FN:22,OnboardingChecklist
FN:54,(anonymous_1)
FN:74,(anonymous_2)
FN:116,(anonymous_3)
FN:119,(anonymous_4)
FNF:5
FNH:0
FNDA:0,OnboardingChecklist
FNDA:0,(anonymous_1)
FNDA:0,(anonymous_2)
FNDA:0,(anonymous_3)
FNDA:0,(anonymous_4)
DA:23,0
DA:24,0
DA:26,0
DA:33,0
DA:34,0
DA:44,0
DA:45,0
DA:54,0
DA:55,0
DA:56,0
DA:58,0
DA:60,0
DA:74,0
DA:117,0
DA:119,0
LF:15
LH:0
BRDA:33,0,0,0
BRDA:33,0,1,0
BRDA:33,1,0,0
BRDA:33,1,1,0
BRDA:33,1,2,0
BRDA:44,2,0,0
BRDA:44,2,1,0
BRDA:44,3,0,0
BRDA:44,3,1,0
BRDA:56,4,0,0
BRDA:56,4,1,0
BRDA:76,5,0,0
BRDA:76,5,1,0
BRDA:78,6,0,0
BRDA:78,6,1,0
BRDA:119,7,0,0
BRDA:119,7,1,0
BRDA:126,8,0,0
BRDA:126,8,1,0
BRDA:127,9,0,0
BRDA:127,9,1,0
BRDA:129,10,0,0
BRDA:129,10,1,0
BRDA:130,11,0,0
BRDA:130,11,1,0
BRDA:133,12,0,0
BRDA:133,12,1,0
BRDA:144,13,0,0
BRDA:144,13,1,0
BRDA:145,14,0,0
BRDA:145,14,1,0
BRDA:150,15,0,0
BRDA:150,15,1,0
BRDA:163,16,0,0
BRDA:163,16,1,0
BRF:35
BRH:0
end_of_record
TN:
SF:src/components/dashboard/QuickActionsRail.tsx
FN:38,QuickActionsRail
FN:54,(anonymous_1)
FN:57,(anonymous_2)
FNF:3
FNH:0
FNDA:0,QuickActionsRail
FNDA:0,(anonymous_1)
FNDA:0,(anonymous_2)
DA:25,0
DA:33,0
DA:39,0
DA:40,0
DA:42,0
DA:55,0
DA:57,0
LF:7
LH:0
BRDA:40,0,0,0
BRDA:40,0,1,0
BRDA:40,1,0,0
BRDA:40,1,1,0
BRF:4
BRH:0
end_of_record
TN:
SF:src/components/dashboard/RecentStoriesFeed.tsx
FN:16,formatDate
FN:21,RecentStoriesFeed
FN:46,(anonymous_2)
FN:65,(anonymous_3)
FN:102,(anonymous_4)
FN:105,(anonymous_5)
FN:160,(anonymous_6)
FNF:7
FNH:0
FNDA:0,formatDate
FNDA:0,RecentStoriesFeed
FNDA:0,(anonymous_2)
FNDA:0,(anonymous_3)
FNDA:0,(anonymous_4)
FNDA:0,(anonymous_5)
FNDA:0,(anonymous_6)
DA:17,0
DA:18,0
DA:22,0
DA:24,0
DA:46,0
DA:65,0
DA:103,0
DA:105,0
DA:161,0
DA:162,0
LF:10
LH:0
BRDA:17,0,0,0
BRDA:17,0,1,0
BRDA:63,1,0,0
BRDA:63,1,1,0
BRDA:119,2,0,0
BRDA:119,2,1,0
BRDA:132,3,0,0
BRDA:132,3,1,0
BRDA:151,4,0,0
BRDA:151,4,1,0
BRDA:154,5,0,0
BRDA:154,5,1,0
BRDA:181,6,0,0
BRDA:181,6,1,0
BRDA:183,7,0,0
BRDA:183,7,1,0
BRF:16
BRH:0
end_of_record
TN:
SF:src/components/dashboard/SubscriptionStatusCard.tsx
FN:18,colorForPercent
FN:24,SubscriptionStatusCard
FN:46,(anonymous_2)
FN:72,(anonymous_3)
FN:90,(anonymous_4)
FNF:5
FNH:0
FNDA:0,colorForPercent
FNDA:0,SubscriptionStatusCard
FNDA:0,(anonymous_2)
FNDA:0,(anonymous_3)
FNDA:0,(anonymous_4)
DA:19,0
DA:20,0
DA:21,0
DA:25,0
DA:26,0
DA:28,0
DA:46,0
DA:48,0
DA:50,0
DA:72,0
DA:91,0
LF:11
LH:0
BRDA:19,0,0,0
BRDA:19,0,1,0
BRDA:20,1,0,0
BRDA:20,1,1,0
BRDA:26,2,0,0
BRDA:26,2,1,0
BRDA:37,3,0,0
BRDA:37,3,1,0
BRDA:41,4,0,0
BRDA:41,4,1,0
BRDA:48,5,0,0
BRDA:48,5,1,0
BRF:12
BRH:0
end_of_record
TN:
SF:src/components/dashboard/Suggestions.tsx
FN:11,Suggestions
FN:41,(anonymous_1)
FN:44,(anonymous_2)
FNF:3
FNH:0
FNDA:0,Suggestions
FNDA:0,(anonymous_1)
FNDA:0,(anonymous_2)
DA:12,0
DA:13,0
DA:15,0
DA:42,0
DA:44,0
LF:5
LH:0
BRDA:13,0,0,0
BRDA:13,0,1,0
BRF:2
BRH:0
end_of_record
TN:
SF:src/components/editor/RichTextEditor.tsx
FN:23,(anonymous_0)
FN:35,(anonymous_1)
FN:47,(anonymous_2)
FN:61,(anonymous_3)
FN:70,(anonymous_4)
FN:84,(anonymous_5)
FN:101,(anonymous_6)
FN:104,(anonymous_7)
FN:110,(anonymous_8)
FN:124,(anonymous_9)
FN:134,(anonymous_10)
FN:140,(anonymous_11)
FN:144,(anonymous_12)
FN:153,(anonymous_13)
FNF:14
FNH:0
FNDA:0,(anonymous_0)
FNDA:0,(anonymous_1)
FNDA:0,(anonymous_2)
FNDA:0,(anonymous_3)
FNDA:0,(anonymous_4)
FNDA:0,(anonymous_5)
FNDA:0,(anonymous_6)
FNDA:0,(anonymous_7)
FNDA:0,(anonymous_8)
FNDA:0,(anonymous_9)
FNDA:0,(anonymous_10)
FNDA:0,(anonymous_11)
FNDA:0,(anonymous_12)
FNDA:0,(anonymous_13)
DA:23,0
DA:24,0
DA:25,0
DA:28,0
DA:35,0
DA:47,0
DA:61,0
DA:70,0
DA:84,0
DA:101,0
DA:104,0
DA:110,0
DA:111,0
DA:125,0
DA:134,0
DA:135,0
DA:136,0
DA:140,0
DA:141,0
DA:142,0
DA:143,0
DA:144,0
DA:145,0
DA:146,0
DA:152,0
DA:153,0
DA:154,0
DA:155,0
DA:156,0
DA:159,0
DA:162,0
DA:165,0
LF:32
LH:0
BRDA:24,0,0,0
BRDA:24,0,1,0
BRDA:30,1,0,0
BRDA:30,1,1,0
BRDA:42,2,0,0
BRDA:42,2,1,0
BRDA:135,3,0,0
BRDA:135,3,1,0
BRDA:135,4,0,0
BRDA:135,4,1,0
BRDA:145,5,0,0
BRDA:145,5,1,0
BRDA:145,6,0,0
BRDA:145,6,1,0
BRDA:155,7,0,0
BRDA:155,7,1,0
BRF:16
BRH:0
end_of_record
TN:
SF:src/components/feedback/UIStates.tsx
FN:14,EmptyState
FN:15,(anonymous_1)
FN:100,ErrorState
FN:101,(anonymous_3)
FN:188,LoadingState
FN:189,(anonymous_5)
FNF:6
FNH:0
FNDA:0,EmptyState
FNDA:0,(anonymous_1)
FNDA:0,ErrorState
FNDA:0,(anonymous_3)
FNDA:0,LoadingState
FNDA:0,(anonymous_5)
DA:15,0
DA:16,0
DA:18,0
DA:25,0
DA:32,0
DA:39,0
DA:46,0
DA:55,0
DA:57,0
DA:101,0
DA:102,0
DA:104,0
DA:110,0
DA:116,0
DA:122,0
DA:128,0
DA:136,0
DA:138,0
DA:189,0
DA:190,0
DA:192,0
DA:197,0
DA:202,0
DA:207,0
DA:212,0
DA:219,0
DA:221,0
LF:27
LH:0
BRDA:16,0,0,0
BRDA:16,0,1,0
BRDA:16,0,2,0
BRDA:16,0,3,0
BRDA:16,0,4,0
BRDA:77,1,0,0
BRDA:77,1,1,0
BRDA:102,2,0,0
BRDA:102,2,1,0
BRDA:102,2,2,0
BRDA:102,2,3,0
BRDA:102,2,4,0
BRDA:159,3,0,0
BRDA:159,3,1,0
BRDA:172,4,0,0
BRDA:172,4,1,0
BRDA:190,5,0,0
BRDA:190,5,1,0
BRDA:190,5,2,0
BRDA:190,5,3,0
BRDA:190,5,4,0
BRDA:234,6,0,0
BRDA:234,6,1,0
BRDA:249,7,0,0
BRDA:249,7,1,0
BRF:25
BRH:0
end_of_record
TN:
SF:src/components/layout/ActiveMemberHeader.tsx
FN:14,ActiveMemberHeader
FN:19,(anonymous_1)
FN:20,(anonymous_2)
FNF:3
FNH:0
FNDA:0,ActiveMemberHeader
FNDA:0,(anonymous_1)
FNDA:0,(anonymous_2)
DA:15,0
DA:16,0
DA:17,0
DA:19,0
DA:20,0
DA:22,0
DA:27,0
DA:29,0
DA:30,0
DA:110,0
DA:111,0
DA:162,0
LF:12
LH:0
BRDA:14,0,0,0
BRDA:22,1,0,0
BRDA:22,1,1,0
BRDA:23,2,0,0
BRDA:23,2,1,0
BRDA:24,3,0,0
BRDA:24,3,1,0
BRDA:27,4,0,0
BRDA:27,4,1,0
BRDA:27,5,0,0
BRDA:27,5,1,0
BRDA:29,6,0,0
BRDA:29,6,1,0
BRDA:59,7,0,0
BRDA:59,7,1,0
BRDA:64,8,0,0
BRDA:64,8,1,0
BRDA:65,9,0,0
BRDA:65,9,1,0
BRDA:69,10,0,0
BRDA:69,10,1,0
BRDA:99,11,0,0
BRDA:99,11,1,0
BRDA:110,12,0,0
BRDA:110,12,1,0
BRDA:121,13,0,0
BRDA:121,13,1,0
BRDA:122,14,0,0
BRDA:122,14,1,0
BRDA:129,15,0,0
BRDA:129,15,1,0
BRDA:133,16,0,0
BRDA:133,16,1,0
BRDA:136,17,0,0
BRDA:136,17,1,0
BRDA:153,18,0,0
BRDA:153,18,1,0
BRDA:177,19,0,0
BRDA:177,19,1,0
BRDA:187,20,0,0
BRDA:187,20,1,0
BRDA:192,21,0,0
BRDA:192,21,1,0
BRDA:193,22,0,0
BRDA:193,22,1,0
BRDA:194,23,0,0
BRDA:194,23,1,0
BRDA:198,24,0,0
BRDA:198,24,1,0
BRDA:211,25,0,0
BRDA:211,25,1,0
BRDA:217,26,0,0
BRDA:217,26,1,0
BRF:53
BRH:0
end_of_record
TN:
SF:src/components/layout/FamilyspaceSwitcher.tsx
FN:47,FamilyspaceSwitcher
FN:56,(anonymous_1)
FN:58,(anonymous_2)
FN:62,(anonymous_3)
FN:66,(anonymous_4)
FN:97,(anonymous_5)
FN:110,(anonymous_6)
FN:241,(anonymous_7)
FN:244,(anonymous_8)
FNF:9
FNH:0
FNDA:0,FamilyspaceSwitcher
FNDA:0,(anonymous_1)
FNDA:0,(anonymous_2)
FNDA:0,(anonymous_3)
FNDA:0,(anonymous_4)
FNDA:0,(anonymous_5)
FNDA:0,(anonymous_6)
FNDA:0,(anonymous_7)
FNDA:0,(anonymous_8)
DA:48,0
DA:49,0
DA:50,0
DA:51,0
DA:52,0
DA:54,0
DA:56,0
DA:58,0
DA:59,0
DA:62,0
DA:63,0
DA:66,0
DA:67,0
DA:68,0
DA:69,0
DA:72,0
DA:74,0
DA:75,0
DA:79,0
DA:80,0
DA:84,0
DA:87,0
DA:88,0
DA:90,0
DA:92,0
DA:93,0
DA:97,0
DA:98,0
DA:100,0
DA:102,0
DA:104,0
DA:106,0
DA:110,0
DA:111,0
DA:113,0
DA:115,0
DA:117,0
DA:119,0
DA:121,0
DA:125,0
DA:126,0
DA:144,0
DA:145,0
DA:158,0
DA:242,0
DA:244,0
LF:46
LH:0
BRDA:56,0,0,0
BRDA:56,0,1,0
BRDA:67,1,0,0
BRDA:67,1,1,0
BRDA:79,2,0,0
BRDA:79,2,1,0
BRDA:98,3,0,0
BRDA:98,3,1,0
BRDA:98,3,2,0
BRDA:98,3,3,0
BRDA:111,4,0,0
BRDA:111,4,1,0
BRDA:111,4,2,0
BRDA:111,4,3,0
BRDA:111,4,4,0
BRDA:125,5,0,0
BRDA:125,5,1,0
BRDA:144,6,0,0
BRDA:144,6,1,0
BRDA:144,7,0,0
BRDA:144,7,1,0
BRDA:144,7,2,0
BRDA:190,8,0,0
BRDA:190,8,1,0
BRDA:213,9,0,0
BRDA:213,9,1,0
BRDA:260,10,0,0
BRDA:260,10,1,0
BRDA:275,11,0,0
BRDA:275,11,1,0
BRDA:284,12,0,0
BRDA:284,12,1,0
BRDA:326,13,0,0
BRDA:326,13,1,0
BRDA:326,14,0,0
BRDA:326,14,1,0
BRF:36
BRH:0
end_of_record
TN:
SF:src/components/layout/Layout.tsx
FN:63,UserMenu
FN:68,(anonymous_1)
FN:69,(anonymous_2)
FN:70,(anonymous_3)
FN:126,Layout
FN:129,(anonymous_5)
FN:164,(anonymous_6)
FN:165,(anonymous_7)
FN:166,(anonymous_8)
FN:168,(anonymous_9)
FN:175,(anonymous_10)
FN:182,(anonymous_11)
FN:184,(anonymous_12)
FN:192,(anonymous_13)
FN:263,(anonymous_14)
FN:264,(anonymous_15)
FN:376,(anonymous_16)
FN:377,(anonymous_17)
FN:389,(anonymous_18)
FN:394,(anonymous_19)
FN:399,(anonymous_20)
FN:406,(anonymous_21)
FN:450,(anonymous_22)
FN:457,(anonymous_23)
FNF:24
FNH:0
FNDA:0,UserMenu
FNDA:0,(anonymous_1)
FNDA:0,(anonymous_2)
FNDA:0,(anonymous_3)
FNDA:0,Layout
FNDA:0,(anonymous_5)
FNDA:0,(anonymous_6)
FNDA:0,(anonymous_7)
FNDA:0,(anonymous_8)
FNDA:0,(anonymous_9)
FNDA:0,(anonymous_10)
FNDA:0,(anonymous_11)
FNDA:0,(anonymous_12)
FNDA:0,(anonymous_13)
FNDA:0,(anonymous_14)
FNDA:0,(anonymous_15)
FNDA:0,(anonymous_16)
FNDA:0,(anonymous_17)
FNDA:0,(anonymous_18)
FNDA:0,(anonymous_19)
FNDA:0,(anonymous_20)
FNDA:0,(anonymous_21)
FNDA:0,(anonymous_22)
FNDA:0,(anonymous_23)
DA:50,0
DA:51,0
DA:57,0
DA:64,0
DA:65,0
DA:66,0
DA:68,0
DA:69,0
DA:70,0
DA:71,0
DA:72,0
DA:75,0
DA:77,0
DA:78,0
DA:85,0
DA:127,0
DA:128,0
DA:129,0
DA:130,0
DA:133,0
DA:134,0
DA:136,0
DA:141,0
DA:142,0
DA:143,0
DA:144,0
DA:145,0
DA:147,0
DA:153,0
DA:155,0
DA:161,0
DA:162,0
DA:164,0
DA:165,0
DA:166,0
DA:168,0
DA:169,0
DA:170,0
DA:171,0
DA:172,0
DA:175,0
DA:176,0
DA:177,0
DA:178,0
DA:179,0
DA:180,0
DA:181,0
DA:182,0
DA:183,0
DA:184,0
DA:185,0
DA:186,0
DA:188,0
DA:189,0
DA:192,0
DA:193,0
DA:194,0
DA:195,0
DA:196,0
DA:198,0
DA:201,0
DA:263,0
DA:265,0
DA:266,0
DA:376,0
DA:377,0
DA:389,0
DA:394,0
DA:399,0
DA:407,0
DA:408,0
DA:409,0
DA:451,0
DA:453,0
DA:454,0
DA:457,0
LF:76
LH:0
BRDA:75,0,0,0
BRDA:75,0,1,0
BRDA:77,1,0,0
BRDA:77,1,1,0
BRDA:88,2,0,0
BRDA:88,2,1,0
BRDA:89,3,0,0
BRDA:89,3,1,0
BRDA:102,4,0,0
BRDA:102,4,1,0
BRDA:153,5,0,0
BRDA:153,5,1,0
BRDA:153,6,0,0
BRDA:153,6,1,0
BRDA:161,7,0,0
BRDA:161,7,1,0
BRDA:162,8,0,0
BRDA:162,8,1,0
BRDA:170,9,0,0
BRDA:170,9,1,0
BRDA:171,10,0,0
BRDA:171,10,1,0
BRDA:172,11,0,0
BRDA:172,11,1,0
BRDA:176,12,0,0
BRDA:176,12,1,0
BRDA:177,13,0,0
BRDA:177,13,1,0
BRDA:179,14,0,0
BRDA:179,14,1,0
BRDA:181,15,0,0
BRDA:181,15,1,0
BRDA:183,16,0,0
BRDA:183,16,1,0
BRDA:186,17,0,0
BRDA:186,17,1,0
BRDA:188,18,0,0
BRDA:188,18,1,0
BRDA:193,19,0,0
BRDA:193,19,1,0
BRDA:195,20,0,0
BRDA:195,20,1,0
BRDA:196,21,0,0
BRDA:196,21,1,0
BRDA:196,21,2,0
BRDA:198,22,0,0
BRDA:198,22,1,0
BRDA:260,23,0,0
BRDA:260,23,1,0
BRDA:260,23,2,0
BRDA:283,24,0,0
BRDA:283,24,1,0
BRDA:284,25,0,0
BRDA:284,25,1,0
BRDA:298,26,0,0
BRDA:298,26,1,0
BRDA:314,27,0,0
BRDA:314,27,1,0
BRDA:336,28,0,0
BRDA:336,28,1,0
BRDA:336,28,2,0
BRDA:344,29,0,0
BRDA:344,29,1,0
BRDA:344,29,2,0
BRDA:362,30,0,0
BRDA:362,30,1,0
BRDA:363,31,0,0
BRDA:363,31,1,0
BRDA:363,32,0,0
BRDA:363,32,1,0
BRDA:370,33,0,0
BRDA:370,33,1,0
BRDA:370,33,2,0
BRDA:408,34,0,0
BRDA:408,34,1,0
BRDA:453,35,0,0
BRDA:453,35,1,0
BRDA:461,36,0,0
BRDA:461,36,1,0
BRDA:462,37,0,0
BRDA:462,37,1,0
BRF:81
BRH:0
end_of_record
TN:
SF:src/components/layout/MemberSwitcherFlyout.tsx
FN:31,memberLabel
FN:36,normalizePeopleResponse
FN:44,mergeUniqueMembers
FN:45,(anonymous_3)
FN:58,MemberRow
FN:61,(anonymous_5)
FN:127,MemberSwitcherFlyout
FN:144,(anonymous_7)
FN:153,(anonymous_8)
FN:163,(anonymous_9)
FN:164,(anonymous_10)
FN:169,(anonymous_11)
FN:174,(anonymous_12)
FN:176,(anonymous_13)
FN:182,(anonymous_14)
FN:185,(anonymous_15)
FN:196,(anonymous_16)
FN:203,(anonymous_17)
FN:204,(anonymous_18)
FN:207,(anonymous_19)
FN:209,(anonymous_20)
FN:214,(anonymous_21)
FN:217,(anonymous_22)
FN:224,(anonymous_23)
FN:249,(anonymous_24)
FN:255,(anonymous_25)
FN:257,(anonymous_26)
FN:298,(anonymous_27)
FN:306,(anonymous_28)
FN:334,(anonymous_29)
FN:438,(anonymous_30)
FN:461,(anonymous_31)
FNF:32
FNH:0
FNDA:0,memberLabel
FNDA:0,normalizePeopleResponse
FNDA:0,mergeUniqueMembers
FNDA:0,(anonymous_3)
FNDA:0,MemberRow
FNDA:0,(anonymous_5)
FNDA:0,MemberSwitcherFlyout
FNDA:0,(anonymous_7)
FNDA:0,(anonymous_8)
FNDA:0,(anonymous_9)
FNDA:0,(anonymous_10)
FNDA:0,(anonymous_11)
FNDA:0,(anonymous_12)
FNDA:0,(anonymous_13)
FNDA:0,(anonymous_14)
FNDA:0,(anonymous_15)
FNDA:0,(anonymous_16)
FNDA:0,(anonymous_17)
FNDA:0,(anonymous_18)
FNDA:0,(anonymous_19)
FNDA:0,(anonymous_20)
FNDA:0,(anonymous_21)
FNDA:0,(anonymous_22)
FNDA:0,(anonymous_23)
FNDA:0,(anonymous_24)
FNDA:0,(anonymous_25)
FNDA:0,(anonymous_26)
FNDA:0,(anonymous_27)
FNDA:0,(anonymous_28)
FNDA:0,(anonymous_29)
FNDA:0,(anonymous_30)
FNDA:0,(anonymous_31)
DA:27,0
DA:28,0
DA:29,0
DA:32,0
DA:33,0
DA:37,0
DA:38,0
DA:39,0
DA:41,0
DA:45,0
DA:46,0
DA:47,0
DA:49,0
DA:59,0
DA:61,0
DA:128,0
DA:130,0
DA:132,0
DA:133,0
DA:134,0
DA:135,0
DA:136,0
DA:137,0
DA:138,0
DA:139,0
DA:140,0
DA:141,0
DA:142,0
DA:144,0
DA:145,0
DA:146,0
DA:147,0
DA:148,0
DA:149,0
DA:152,0
DA:153,0
DA:155,0
DA:156,0
DA:157,0
DA:158,0
DA:159,0
DA:163,0
DA:165,0
DA:166,0
DA:167,0
DA:170,0
DA:171,0
DA:174,0
DA:176,0
DA:177,0
DA:178,0
DA:182,0
DA:185,0
DA:186,0
DA:188,0
DA:189,0
DA:190,0
DA:191,0
DA:192,0
DA:195,0
DA:196,0
DA:197,0
DA:198,0
DA:199,0
DA:203,0
DA:205,0
DA:206,0
DA:207,0
DA:210,0
DA:211,0
DA:214,0
DA:217,0
DA:218,0
DA:219,0
DA:223,0
DA:225,0
DA:226,0
DA:227,0
DA:228,0
DA:231,0
DA:239,0
DA:242,0
DA:243,0
DA:249,0
DA:250,0
DA:251,0
DA:255,0
DA:256,0
DA:257,0
DA:260,0
DA:262,0
DA:298,0
DA:306,0
DA:335,0
DA:439,0
DA:462,0
LF:96
LH:0
BRDA:32,0,0,0
BRDA:32,0,1,0
BRDA:33,1,0,0
BRDA:33,1,1,0
BRDA:38,2,0,0
BRDA:38,2,1,0
BRDA:38,3,0,0
BRDA:38,3,1,0
BRDA:71,4,0,0
BRDA:71,4,1,0
BRDA:77,5,0,0
BRDA:77,5,1,0
BRDA:82,6,0,0
BRDA:82,6,1,0
BRDA:83,7,0,0
BRDA:83,7,1,0
BRDA:84,8,0,0
BRDA:84,8,1,0
BRDA:93,9,0,0
BRDA:93,9,1,0
BRDA:94,10,0,0
BRDA:94,10,1,0
BRDA:102,11,0,0
BRDA:102,11,1,0
BRDA:127,12,0,0
BRDA:142,13,0,0
BRDA:142,13,1,0
BRDA:145,14,0,0
BRDA:145,14,1,0
BRDA:155,15,0,0
BRDA:155,15,1,0
BRDA:170,16,0,0
BRDA:170,16,1,0
BRDA:186,17,0,0
BRDA:186,17,1,0
BRDA:189,18,0,0
BRDA:189,18,1,0
BRDA:210,19,0,0
BRDA:210,19,1,0
BRDA:225,20,0,0
BRDA:225,20,1,0
BRDA:242,21,0,0
BRDA:242,21,1,0
BRDA:257,22,0,0
BRDA:257,22,1,0
BRDA:257,23,0,0
BRDA:257,23,1,0
BRDA:257,24,0,0
BRDA:257,24,1,0
BRDA:260,25,0,0
BRDA:260,25,1,0
BRDA:303,26,0,0
BRDA:303,26,1,0
BRDA:312,27,0,0
BRDA:312,27,1,0
BRDA:316,28,0,0
BRDA:316,28,1,0
BRDA:320,29,0,0
BRDA:320,29,1,0
BRDA:329,30,0,0
BRDA:329,30,1,0
BRDA:347,31,0,0
BRDA:347,31,1,0
BRDA:392,32,0,0
BRDA:392,32,1,0
BRDA:430,33,0,0
BRDA:430,33,1,0
BRDA:456,34,0,0
BRDA:456,34,1,0
BRF:69
BRH:0
end_of_record
TN:
SF:src/components/layout/PublicHeader.tsx
FN:20,PublicHeader
FN:25,(anonymous_1)
FN:45,(anonymous_2)
FN:124,(anonymous_3)
FNF:4
FNH:0
FNDA:0,PublicHeader
FNDA:0,(anonymous_1)
FNDA:0,(anonymous_2)
FNDA:0,(anonymous_3)
DA:21,0
DA:22,0
DA:23,0
DA:25,0
DA:26,0
DA:29,0
DA:38,0
DA:46,0
DA:71,0
DA:125,0
LF:10
LH:0
BRDA:93,0,0,0
BRDA:93,0,1,0
BRF:2
BRH:0
end_of_record
TN:
SF:src/components/layout/SelectedFamilyMemberChip.tsx
FN:6,SelectedFamilyMemberChip
FN:48,(anonymous_1)
FN:63,(anonymous_2)
FNF:3
FNH:0
FNDA:0,SelectedFamilyMemberChip
FNDA:0,(anonymous_1)
FNDA:0,(anonymous_2)
DA:7,0
DA:9,0
DA:10,0
DA:13,0
DA:16,0
DA:49,0
DA:50,0
DA:51,0
DA:64,0
DA:65,0
DA:66,0
LF:11
LH:0
BRDA:9,0,0,0
BRDA:9,0,1,0
BRDA:13,1,0,0
BRDA:13,1,1,0
BRDA:14,2,0,0
BRDA:14,2,1,0
BRDA:24,3,0,0
BRDA:24,3,1,0
BRF:8
BRH:0
end_of_record
TN:
SF:src/components/legacy/MemoriesShell.tsx
FN:64,formatLifespan
FN:79,(anonymous_1)
FN:90,isMemoriesLens
FN:94,MemoriesShell
FN:112,(anonymous_4)
FN:114,(anonymous_5)
FN:128,(anonymous_6)
FN:136,(anonymous_7)
FN:138,(anonymous_8)
FN:141,(anonymous_9)
FN:146,(anonymous_10)
FN:159,(anonymous_11)
FN:168,(anonymous_12)
FN:219,(anonymous_13)
FN:333,(anonymous_14)
FN:379,(anonymous_15)
FN:417,(anonymous_16)
FN:418,(anonymous_17)
FN:420,(anonymous_18)
FN:455,(anonymous_19)
FN:474,(anonymous_20)
FN:484,(anonymous_21)
FN:488,(anonymous_22)
FN:492,(anonymous_23)
FN:497,(anonymous_24)
FN:517,(anonymous_25)
FN:582,(anonymous_26)
FN:618,(anonymous_27)
FNF:28
FNH:0
FNDA:0,formatLifespan
FNDA:0,(anonymous_1)
FNDA:0,isMemoriesLens
FNDA:0,MemoriesShell
FNDA:0,(anonymous_4)
FNDA:0,(anonymous_5)
FNDA:0,(anonymous_6)
FNDA:0,(anonymous_7)
FNDA:0,(anonymous_8)
FNDA:0,(anonymous_9)
FNDA:0,(anonymous_10)
FNDA:0,(anonymous_11)
FNDA:0,(anonymous_12)
FNDA:0,(anonymous_13)
FNDA:0,(anonymous_14)
FNDA:0,(anonymous_15)
FNDA:0,(anonymous_16)
FNDA:0,(anonymous_17)
FNDA:0,(anonymous_18)
FNDA:0,(anonymous_19)
FNDA:0,(anonymous_20)
FNDA:0,(anonymous_21)
FNDA:0,(anonymous_22)
FNDA:0,(anonymous_23)
FNDA:0,(anonymous_24)
FNDA:0,(anonymous_25)
FNDA:0,(anonymous_26)
FNDA:0,(anonymous_27)
DA:52,0
DA:65,0
DA:66,0
DA:67,0
DA:68,0
DA:69,0
DA:70,0
DA:79,0
DA:80,0
DA:83,0
DA:91,0
DA:95,0
DA:96,0
DA:97,0
DA:98,0
DA:101,0
DA:103,0
DA:104,0
DA:105,0
DA:106,0
DA:107,0
DA:109,0
DA:110,0
DA:112,0
DA:113,0
DA:114,0
DA:115,0
DA:116,0
DA:117,0
DA:118,0
DA:119,0
DA:120,0
DA:122,0
DA:124,0
DA:127,0
DA:128,0
DA:131,0
DA:132,0
DA:134,0
DA:136,0
DA:137,0
DA:138,0
DA:141,0
DA:142,0
DA:143,0
DA:144,0
DA:146,0
DA:147,0
DA:148,0
DA:158,0
DA:159,0
DA:160,0
DA:161,0
DA:162,0
DA:163,0
DA:164,0
DA:168,0
DA:169,0
DA:170,0
DA:172,0
DA:173,0
DA:174,0
DA:176,0
DA:177,0
DA:178,0
DA:180,0
DA:181,0
DA:182,0
DA:187,0
DA:190,0
DA:192,0
DA:197,0
DA:198,0
DA:219,0
DA:229,0
DA:230,0
DA:249,0
DA:250,0
DA:253,0
DA:257,0
DA:258,0
DA:266,0
DA:270,0
DA:274,0
DA:333,0
DA:380,0
DA:381,0
DA:417,0
DA:418,0
DA:421,0
DA:455,0
DA:474,0
DA:484,0
DA:488,0
DA:492,0
DA:497,0
DA:518,0
DA:583,0
DA:619,0
LF:99
LH:0
BRDA:65,0,0,0
BRDA:65,0,1,0
BRDA:65,1,0,0
BRDA:65,1,1,0
BRDA:66,2,0,0
BRDA:66,2,1,0
BRDA:67,3,0,0
BRDA:67,3,1,0
BRDA:68,4,0,0
BRDA:68,4,1,0
BRDA:68,5,0,0
BRDA:68,5,1,0
BRDA:69,6,0,0
BRDA:69,6,1,0
BRDA:80,7,0,0
BRDA:80,7,1,0
BRDA:80,8,0,0
BRDA:80,8,1,0
BRDA:91,9,0,0
BRDA:91,9,1,0
BRDA:119,10,0,0
BRDA:119,10,1,0
BRDA:120,11,0,0
BRDA:120,11,1,0
BRDA:120,12,0,0
BRDA:120,12,1,0
BRDA:122,13,0,0
BRDA:122,13,1,0
BRDA:124,14,0,0
BRDA:124,14,1,0
BRDA:131,15,0,0
BRDA:131,15,1,0
BRDA:134,16,0,0
BRDA:134,16,1,0
BRDA:137,17,0,0
BRDA:137,17,1,0
BRDA:138,18,0,0
BRDA:138,18,1,0
BRDA:142,19,0,0
BRDA:142,19,1,0
BRDA:147,20,0,0
BRDA:147,20,1,0
BRDA:160,21,0,0
BRDA:160,21,1,0
BRDA:160,22,0,0
BRDA:160,22,1,0
BRDA:161,23,0,0
BRDA:161,23,1,0
BRDA:162,24,0,0
BRDA:162,24,1,0
BRDA:170,25,0,0
BRDA:170,25,1,0
BRDA:170,26,0,0
BRDA:170,26,1,0
BRDA:180,27,0,0
BRDA:180,27,1,0
BRDA:197,28,0,0
BRDA:197,28,1,0
BRDA:197,29,0,0
BRDA:197,29,1,0
BRDA:215,30,0,0
BRDA:215,30,1,0
BRDA:229,31,0,0
BRDA:229,31,1,0
BRDA:249,32,0,0
BRDA:249,32,1,0
BRDA:250,33,0,0
BRDA:250,33,1,0
BRDA:253,34,0,0
BRDA:253,34,1,0
BRDA:266,35,0,0
BRDA:266,35,1,0
BRDA:267,36,0,0
BRDA:267,36,1,0
BRDA:270,37,0,0
BRDA:270,37,1,0
BRDA:306,38,0,0
BRDA:306,38,1,0
BRDA:306,39,0,0
BRDA:306,39,1,0
BRDA:308,40,0,0
BRDA:308,40,1,0
BRDA:308,40,2,0
BRDA:319,41,0,0
BRDA:319,41,1,0
BRDA:335,42,0,0
BRDA:335,42,1,0
BRDA:377,43,0,0
BRDA:377,43,1,0
BRDA:379,44,0,0
BRDA:379,44,1,0
BRDA:381,45,0,0
BRDA:381,45,1,0
BRDA:410,46,0,0
BRDA:410,46,1,0
BRDA:417,47,0,0
BRDA:417,47,1,0
BRDA:484,48,0,0
BRDA:484,48,1,0
BRDA:508,49,0,0
BRDA:508,49,1,0
BRDA:508,50,0,0
BRDA:508,50,1,0
BRDA:508,50,2,0
BRDA:508,50,3,0
BRDA:529,51,0,0
BRDA:529,51,1,0
BRDA:557,52,0,0
BRDA:557,52,1,0
BRDA:583,53,0,0
BRDA:583,53,1,0
BRDA:583,54,0,0
BRDA:583,54,1,0
BRDA:621,55,0,0
BRDA:621,55,1,0
BRF:115
BRH:0
end_of_record
TN:
SF:src/components/legacy/lenses/KeepsakesLens.tsx
FN:6,KeepsakesLens
FNF:1
FNH:0
FNDA:0,KeepsakesLens
DA:7,0
DA:8,0
DA:9,0
DA:11,0
DA:12,0
DA:19,0
DA:20,0
DA:28,0
LF:8
LH:0
BRDA:11,0,0,0
BRDA:11,0,1,0
BRDA:19,1,0,0
BRDA:19,1,1,0
BRF:4
BRH:0
end_of_record
TN:
SF:src/components/legacy/lenses/LifeJourneyLens.tsx
FN:37,LifeJourneyLens
FN:48,(anonymous_1)
FN:65,(anonymous_2)
FN:77,(anonymous_3)
FN:89,(anonymous_4)
FN:93,(anonymous_5)
FN:96,(anonymous_6)
FN:105,(anonymous_7)
FN:124,(anonymous_8)
FN:127,(anonymous_9)
FNF:10
FNH:0
FNDA:0,LifeJourneyLens
FNDA:0,(anonymous_1)
FNDA:0,(anonymous_2)
FNDA:0,(anonymous_3)
FNDA:0,(anonymous_4)
FNDA:0,(anonymous_5)
FNDA:0,(anonymous_6)
FNDA:0,(anonymous_7)
FNDA:0,(anonymous_8)
FNDA:0,(anonymous_9)
DA:38,0
DA:39,0
DA:40,0
DA:41,0
DA:42,0
DA:43,0
DA:44,0
DA:45,0
DA:46,0
DA:48,0
DA:49,0
DA:50,0
DA:51,0
DA:52,0
DA:53,0
DA:54,0
DA:57,0
DA:58,0
DA:60,0
DA:61,0
DA:64,0
DA:65,0
DA:67,0
DA:69,0
DA:71,0
DA:72,0
DA:73,0
DA:77,0
DA:78,0
DA:79,0
DA:80,0
DA:81,0
DA:82,0
DA:85,0
DA:89,0
DA:90,0
DA:91,0
DA:92,0
DA:93,0
DA:96,0
DA:97,0
DA:98,0
DA:99,0
DA:100,0
DA:101,0
DA:102,0
DA:105,0
DA:106,0
DA:107,0
DA:110,0
DA:111,0
DA:118,0
DA:119,0
DA:125,0
DA:126,0
DA:127,0
DA:136,0
LF:57
LH:0
BRDA:48,0,0,0
BRDA:53,1,0,0
BRDA:53,1,1,0
BRDA:60,2,0,0
BRDA:60,2,1,0
BRDA:61,3,0,0
BRDA:61,3,1,0
BRDA:64,4,0,0
BRDA:64,4,1,0
BRDA:73,5,0,0
BRDA:73,5,1,0
BRDA:81,6,0,0
BRDA:81,6,1,0
BRDA:82,7,0,0
BRDA:82,7,1,0
BRDA:97,8,0,0
BRDA:97,8,1,0
BRDA:110,9,0,0
BRDA:110,9,1,0
BRDA:118,10,0,0
BRDA:118,10,1,0
BRF:21
BRH:0
end_of_record
TN:
SF:src/components/legacy/lenses/StoriesLens.tsx
FN:12,StoriesLens
FN:23,(anonymous_1)
FN:27,(anonymous_2)
FN:62,(anonymous_3)
FNF:4
FNH:0
FNDA:0,StoriesLens
FNDA:0,(anonymous_1)
FNDA:0,(anonymous_2)
FNDA:0,(anonymous_3)
DA:13,0
DA:14,0
DA:15,0
DA:16,0
DA:17,0
DA:19,0
DA:23,0
DA:24,0
DA:25,0
DA:27,0
DA:28,0
DA:31,0
DA:32,0
DA:39,0
DA:40,0
DA:48,0
DA:62,0
LF:17
LH:0
BRDA:19,0,0,0
BRDA:19,0,1,0
BRDA:24,1,0,0
BRDA:24,1,1,0
BRDA:31,2,0,0
BRDA:31,2,1,0
BRDA:39,3,0,0
BRDA:39,3,1,0
BRDA:81,4,0,0
BRDA:81,4,1,0
BRF:10
BRH:0
end_of_record
TN:
SF:src/components/legacy/lenses/VoicesLens.tsx
FN:6,VoicesLens
FNF:1
FNH:0
FNDA:0,VoicesLens
DA:7,0
DA:8,0
DA:9,0
DA:10,0
DA:11,0
DA:13,0
LF:6
LH:0
BRF:0
BRH:0
end_of_record
TN:
SF:src/components/modals/AddEditPersonModal.tsx
FN:96,AddEditPersonModal
FN:129,(anonymous_1)
FN:174,(anonymous_2)
FN:178,(anonymous_3)
FN:181,(anonymous_4)
FN:196,(anonymous_5)
FN:200,(anonymous_6)
FN:204,(anonymous_7)
FN:210,(anonymous_8)
FN:213,(anonymous_9)
FN:215,(anonymous_10)
FN:219,(anonymous_11)
FN:240,(anonymous_12)
FN:251,(anonymous_13)
FN:333,(anonymous_14)
FN:343,(anonymous_15)
FN:359,(anonymous_16)
FN:361,(anonymous_17)
FN:374,(anonymous_18)
FN:387,(anonymous_19)
FN:389,(anonymous_20)
FN:409,(anonymous_21)
FN:416,(anonymous_22)
FN:423,(anonymous_23)
FN:426,(anonymous_24)
FN:431,(anonymous_25)
FN:441,(anonymous_26)
FN:454,(anonymous_27)
FNF:28
FNH:0
FNDA:0,AddEditPersonModal
FNDA:0,(anonymous_1)
FNDA:0,(anonymous_2)
FNDA:0,(anonymous_3)
FNDA:0,(anonymous_4)
FNDA:0,(anonymous_5)
FNDA:0,(anonymous_6)
FNDA:0,(anonymous_7)
FNDA:0,(anonymous_8)
FNDA:0,(anonymous_9)
FNDA:0,(anonymous_10)
FNDA:0,(anonymous_11)
FNDA:0,(anonymous_12)
FNDA:0,(anonymous_13)
FNDA:0,(anonymous_14)
FNDA:0,(anonymous_15)
FNDA:0,(anonymous_16)
FNDA:0,(anonymous_17)
FNDA:0,(anonymous_18)
FNDA:0,(anonymous_19)
FNDA:0,(anonymous_20)
FNDA:0,(anonymous_21)
FNDA:0,(anonymous_22)
FNDA:0,(anonymous_23)
FNDA:0,(anonymous_24)
FNDA:0,(anonymous_25)
FNDA:0,(anonymous_26)
FNDA:0,(anonymous_27)
DA:74,0
DA:82,0
DA:88,0
DA:106,0
DA:122,0
DA:123,0
DA:124,0
DA:125,0
DA:126,0
DA:127,0
DA:129,0
DA:130,0
DA:131,0
DA:147,0
DA:149,0
DA:166,0
DA:168,0
DA:169,0
DA:170,0
DA:171,0
DA:174,0
DA:175,0
DA:176,0
DA:177,0
DA:178,0
DA:181,0
DA:182,0
DA:183,0
DA:184,0
DA:185,0
DA:186,0
DA:187,0
DA:189,0
DA:190,0
DA:191,0
DA:193,0
DA:196,0
DA:197,0
DA:200,0
DA:201,0
DA:202,0
DA:203,0
DA:204,0
DA:210,0
DA:213,0
DA:214,0
DA:215,0
DA:219,0
DA:220,0
DA:221,0
DA:222,0
DA:224,0
DA:225,0
DA:226,0
DA:227,0
DA:228,0
DA:231,0
DA:232,0
DA:233,0
DA:236,0
DA:237,0
DA:240,0
DA:241,0
DA:242,0
DA:243,0
DA:245,0
DA:246,0
DA:251,0
DA:252,0
DA:255,0
DA:333,0
DA:343,0
DA:359,0
DA:362,0
DA:374,0
DA:387,0
DA:390,0
DA:409,0
DA:416,0
DA:423,0
DA:426,0
DA:431,0
DA:441,0
DA:454,0
LF:84
LH:0
BRDA:102,0,0,0
BRDA:130,1,0,0
BRDA:130,1,1,0
BRDA:130,2,0,0
BRDA:130,2,1,0
BRDA:132,3,0,0
BRDA:132,3,1,0
BRDA:133,4,0,0
BRDA:133,4,1,0
BRDA:134,5,0,0
BRDA:134,5,1,0
BRDA:135,6,0,0
BRDA:135,6,1,0
BRDA:136,7,0,0
BRDA:136,7,1,0
BRDA:137,8,0,0
BRDA:137,8,1,0
BRDA:138,9,0,0
BRDA:138,9,1,0
BRDA:139,10,0,0
BRDA:139,10,1,0
BRDA:140,11,0,0
BRDA:140,11,1,0
BRDA:141,12,0,0
BRDA:141,12,1,0
BRDA:142,13,0,0
BRDA:142,13,1,0
BRDA:143,14,0,0
BRDA:143,14,1,0
BRDA:144,15,0,0
BRDA:144,15,1,0
BRDA:145,16,0,0
BRDA:145,16,1,0
BRDA:147,17,0,0
BRDA:147,17,1,0
BRDA:164,18,0,0
BRDA:164,18,1,0
BRDA:175,19,0,0
BRDA:175,19,1,0
BRDA:183,20,0,0
BRDA:183,20,1,0
BRDA:185,21,0,0
BRDA:185,21,1,0
BRDA:189,22,0,0
BRDA:189,22,1,0
BRDA:201,23,0,0
BRDA:201,23,1,0
BRDA:214,24,0,0
BRDA:214,24,1,0
BRDA:221,25,0,0
BRDA:221,25,1,0
BRDA:224,26,0,0
BRDA:224,26,1,0
BRDA:224,27,0,0
BRDA:224,27,1,0
BRDA:227,28,0,0
BRDA:227,28,1,0
BRDA:231,29,0,0
BRDA:231,29,1,0
BRDA:231,30,0,0
BRDA:231,30,1,0
BRDA:232,31,0,0
BRDA:232,31,1,0
BRDA:232,32,0,0
BRDA:232,32,1,0
BRDA:241,33,0,0
BRDA:241,33,1,0
BRDA:243,34,0,0
BRDA:243,34,1,0
BRDA:246,35,0,0
BRDA:246,35,1,0
BRDA:252,36,0,0
BRDA:252,36,1,0
BRDA:252,37,0,0
BRDA:252,37,1,0
BRDA:258,38,0,0
BRDA:258,38,1,0
BRDA:273,39,0,0
BRDA:273,39,1,0
BRDA:275,40,0,0
BRDA:275,40,1,0
BRDA:288,41,0,0
BRDA:288,41,1,0
BRDA:299,42,0,0
BRDA:299,42,1,0
BRDA:299,42,2,0
BRDA:334,43,0,0
BRDA:334,43,1,0
BRDA:335,44,0,0
BRDA:335,44,1,0
BRDA:348,45,0,0
BRDA:348,45,1,0
BRDA:367,46,0,0
BRDA:367,46,1,0
BRDA:373,47,0,0
BRDA:373,47,1,0
BRDA:374,48,0,0
BRDA:374,48,1,0
BRDA:380,49,0,0
BRDA:380,49,1,0
BRDA:385,50,0,0
BRDA:385,50,1,0
BRDA:439,51,0,0
BRDA:439,51,1,0
BRDA:470,52,0,0
BRDA:470,52,1,0
BRDA:473,53,0,0
BRDA:473,53,1,0
BRDA:473,54,0,0
BRDA:473,54,1,0
BRF:110
BRH:0
end_of_record
TN:
SF:src/components/modals/ConfirmDialog.tsx
FN:23,ConfirmDialog
FNF:1
FNH:0
FNDA:0,ConfirmDialog
DA:34,0
LF:1
LH:0
BRDA:27,0,0,0
BRDA:28,1,0,0
BRDA:29,2,0,0
BRDA:30,3,0,0
BRDA:37,4,0,0
BRDA:37,4,1,0
BRDA:44,5,0,0
BRDA:44,5,1,0
BRDA:61,6,0,0
BRDA:61,6,1,0
BRDA:64,7,0,0
BRDA:64,7,1,0
BRF:12
BRH:0
end_of_record
TN:
SF:src/components/modals/GedcomImportModal.tsx
FN:83,gedcomLabel
FN:87,personLabel
FN:92,PersonAutocomplete
FN:108,(anonymous_3)
FN:111,(anonymous_4)
FN:114,(anonymous_5)
FN:118,(anonymous_6)
FN:122,(anonymous_7)
FN:125,(anonymous_8)
FN:128,(anonymous_9)
FN:133,ExistingPersonAutocomplete
FN:153,(anonymous_11)
FN:155,(anonymous_12)
FN:158,(anonymous_13)
FN:161,(anonymous_14)
FN:164,(anonymous_15)
FN:181,(anonymous_16)
FN:186,GedcomImportModal
FN:218,(anonymous_18)
FN:242,(anonymous_19)
FN:247,(anonymous_20)
FN:256,(anonymous_21)
FN:270,(anonymous_22)
FN:274,(anonymous_23)
FN:278,(anonymous_24)
FN:279,(anonymous_25)
FN:285,(anonymous_26)
FN:286,(anonymous_27)
FN:291,(anonymous_28)
FN:300,(anonymous_29)
FN:324,(anonymous_30)
FN:337,(anonymous_31)
FN:338,(anonymous_32)
FN:349,(anonymous_33)
FN:364,(anonymous_34)
FN:371,(anonymous_35)
FN:386,(anonymous_36)
FN:404,(anonymous_37)
FN:437,(anonymous_38)
FN:450,(anonymous_39)
FN:453,(anonymous_40)
FN:454,(anonymous_41)
FN:460,(anonymous_42)
FN:600,(anonymous_43)
FN:604,(anonymous_44)
FN:635,(anonymous_45)
FN:668,(anonymous_46)
FN:679,(anonymous_47)
FN:680,(anonymous_48)
FN:700,(anonymous_49)
FN:780,(anonymous_50)
FN:823,(anonymous_51)
FNF:52
FNH:0
FNDA:0,gedcomLabel
FNDA:0,personLabel
FNDA:0,PersonAutocomplete
FNDA:0,(anonymous_3)
FNDA:0,(anonymous_4)
FNDA:0,(anonymous_5)
FNDA:0,(anonymous_6)
FNDA:0,(anonymous_7)
FNDA:0,(anonymous_8)
FNDA:0,(anonymous_9)
FNDA:0,ExistingPersonAutocomplete
FNDA:0,(anonymous_11)
FNDA:0,(anonymous_12)
FNDA:0,(anonymous_13)
FNDA:0,(anonymous_14)
FNDA:0,(anonymous_15)
FNDA:0,(anonymous_16)
FNDA:0,GedcomImportModal
FNDA:0,(anonymous_18)
FNDA:0,(anonymous_19)
FNDA:0,(anonymous_20)
FNDA:0,(anonymous_21)
FNDA:0,(anonymous_22)
FNDA:0,(anonymous_23)
FNDA:0,(anonymous_24)
FNDA:0,(anonymous_25)
FNDA:0,(anonymous_26)
FNDA:0,(anonymous_27)
FNDA:0,(anonymous_28)
FNDA:0,(anonymous_29)
FNDA:0,(anonymous_30)
FNDA:0,(anonymous_31)
FNDA:0,(anonymous_32)
FNDA:0,(anonymous_33)
FNDA:0,(anonymous_34)
FNDA:0,(anonymous_35)
FNDA:0,(anonymous_36)
FNDA:0,(anonymous_37)
FNDA:0,(anonymous_38)
FNDA:0,(anonymous_39)
FNDA:0,(anonymous_40)
FNDA:0,(anonymous_41)
FNDA:0,(anonymous_42)
FNDA:0,(anonymous_43)
FNDA:0,(anonymous_44)
FNDA:0,(anonymous_45)
FNDA:0,(anonymous_46)
FNDA:0,(anonymous_47)
FNDA:0,(anonymous_48)
FNDA:0,(anonymous_49)
FNDA:0,(anonymous_50)
FNDA:0,(anonymous_51)
DA:84,0
DA:88,0
DA:89,0
DA:105,0
DA:108,0
DA:112,0
DA:113,0
DA:114,0
DA:115,0
DA:116,0
DA:117,0
DA:118,0
DA:123,0
DA:126,0
DA:128,0
DA:150,0
DA:153,0
DA:155,0
DA:158,0
DA:162,0
DA:165,0
DA:181,0
DA:187,0
DA:190,0
DA:191,0
DA:192,0
DA:193,0
DA:194,0
DA:195,0
DA:196,0
DA:197,0
DA:198,0
DA:201,0
DA:202,0
DA:205,0
DA:206,0
DA:207,0
DA:208,0
DA:211,0
DA:212,0
DA:213,0
DA:214,0
DA:215,0
DA:216,0
DA:218,0
DA:219,0
DA:220,0
DA:221,0
DA:222,0
DA:223,0
DA:224,0
DA:225,0
DA:226,0
DA:227,0
DA:228,0
DA:229,0
DA:230,0
DA:231,0
DA:232,0
DA:233,0
DA:234,0
DA:235,0
DA:236,0
DA:237,0
DA:238,0
DA:242,0
DA:243,0
DA:244,0
DA:245,0
DA:247,0
DA:248,0
DA:249,0
DA:250,0
DA:254,0
DA:255,0
DA:256,0
DA:265,0
DA:267,0
DA:270,0
DA:274,0
DA:275,0
DA:276,0
DA:277,0
DA:278,0
DA:280,0
DA:281,0
DA:282,0
DA:283,0
DA:286,0
DA:290,0
DA:291,0
DA:293,0
DA:294,0
DA:295,0
DA:296,0
DA:298,0
DA:300,0
DA:301,0
DA:302,0
DA:303,0
DA:304,0
DA:305,0
DA:306,0
DA:307,0
DA:308,0
DA:309,0
DA:310,0
DA:311,0
DA:313,0
DA:314,0
DA:315,0
DA:316,0
DA:317,0
DA:318,0
DA:324,0
DA:325,0
DA:326,0
DA:327,0
DA:333,0
DA:338,0
DA:339,0
DA:340,0
DA:341,0
DA:343,0
DA:349,0
DA:350,0
DA:351,0
DA:352,0
DA:353,0
DA:358,0
DA:359,0
DA:360,0
DA:364,0
DA:365,0
DA:366,0
DA:367,0
DA:371,0
DA:372,0
DA:373,0
DA:374,0
DA:376,0
DA:377,0
DA:378,0
DA:380,0
DA:385,0
DA:386,0
DA:387,0
DA:390,0
DA:391,0
DA:392,0
DA:395,0
DA:396,0
DA:399,0
DA:400,0
DA:404,0
DA:405,0
DA:406,0
DA:408,0
DA:409,0
DA:411,0
DA:412,0
DA:413,0
DA:414,0
DA:417,0
DA:419,0
DA:420,0
DA:421,0
DA:422,0
DA:423,0
DA:424,0
DA:428,0
DA:430,0
DA:436,0
DA:437,0
DA:438,0
DA:441,0
DA:442,0
DA:443,0
DA:445,0
DA:446,0
DA:450,0
DA:451,0
DA:452,0
DA:453,0
DA:454,0
DA:455,0
DA:457,0
DA:460,0
DA:461,0
DA:462,0
DA:463,0
DA:464,0
DA:467,0
DA:601,0
DA:604,0
DA:635,0
DA:669,0
DA:679,0
DA:680,0
DA:700,0
DA:780,0
DA:824,0
DA:825,0
DA:826,0
DA:827,0
LF:205
LH:0
BRDA:84,0,0,0
BRDA:84,0,1,0
BRDA:88,1,0,0
BRDA:88,1,1,0
BRDA:88,2,0,0
BRDA:88,2,1,0
BRDA:89,3,0,0
BRDA:89,3,1,0
BRDA:112,4,0,0
BRDA:112,4,1,0
BRDA:116,5,0,0
BRDA:116,5,1,0
BRDA:118,6,0,0
BRDA:118,6,1,0
BRDA:118,6,2,0
BRDA:160,7,0,0
BRDA:160,7,1,0
BRDA:174,8,0,0
BRDA:174,8,1,0
BRDA:243,9,0,0
BRDA:243,9,1,0
BRDA:256,10,0,0
BRDA:256,10,1,0
BRDA:256,10,2,0
BRDA:259,11,0,0
BRDA:259,11,1,0
BRDA:260,12,0,0
BRDA:260,12,1,0
BRDA:261,13,0,0
BRDA:261,13,1,0
BRDA:275,14,0,0
BRDA:275,14,1,0
BRDA:275,15,0,0
BRDA:275,15,1,0
BRDA:280,16,0,0
BRDA:280,16,1,0
BRDA:281,17,0,0
BRDA:281,17,1,0
BRDA:282,18,0,0
BRDA:282,18,1,0
BRDA:283,19,0,0
BRDA:283,19,1,0
BRDA:293,20,0,0
BRDA:293,20,1,0
BRDA:293,21,0,0
BRDA:293,21,1,0
BRDA:293,21,2,0
BRDA:294,22,0,0
BRDA:294,22,1,0
BRDA:303,23,0,0
BRDA:303,23,1,0
BRDA:306,24,0,0
BRDA:306,24,1,0
BRDA:306,25,0,0
BRDA:306,25,1,0
BRDA:307,26,0,0
BRDA:307,26,1,0
BRDA:308,27,0,0
BRDA:308,27,1,0
BRDA:310,28,0,0
BRDA:310,28,1,0
BRDA:315,29,0,0
BRDA:315,29,1,0
BRDA:316,30,0,0
BRDA:316,30,1,0
BRDA:317,31,0,0
BRDA:317,31,1,0
BRDA:325,32,0,0
BRDA:325,32,1,0
BRDA:333,33,0,0
BRDA:333,33,1,0
BRDA:334,34,0,0
BRDA:334,34,1,0
BRDA:335,35,0,0
BRDA:335,35,1,0
BRDA:336,36,0,0
BRDA:336,36,1,0
BRDA:339,37,0,0
BRDA:339,37,1,0
BRDA:350,38,0,0
BRDA:350,38,1,0
BRDA:350,39,0,0
BRDA:350,39,1,0
BRDA:350,39,2,0
BRDA:351,40,0,0
BRDA:351,40,1,0
BRDA:360,41,0,0
BRDA:360,41,1,0
BRDA:360,42,0,0
BRDA:360,42,1,0
BRDA:365,43,0,0
BRDA:365,43,1,0
BRDA:372,44,0,0
BRDA:372,44,1,0
BRDA:385,45,0,0
BRDA:385,45,1,0
BRDA:387,46,0,0
BRDA:387,46,1,0
BRDA:395,47,0,0
BRDA:395,47,1,0
BRDA:399,48,0,0
BRDA:399,48,1,0
BRDA:405,49,0,0
BRDA:405,49,1,0
BRDA:411,50,0,0
BRDA:411,50,1,0
BRDA:412,51,0,0
BRDA:412,51,1,0
BRDA:413,52,0,0
BRDA:413,52,1,0
BRDA:417,53,0,0
BRDA:417,53,1,0
BRDA:419,54,0,0
BRDA:419,54,1,0
BRDA:420,55,0,0
BRDA:420,55,1,0
BRDA:421,56,0,0
BRDA:421,56,1,0
BRDA:421,57,0,0
BRDA:421,57,1,0
BRDA:421,57,2,0
BRDA:423,58,0,0
BRDA:423,58,1,0
BRDA:436,59,0,0
BRDA:436,59,1,0
BRDA:438,60,0,0
BRDA:438,60,1,0
BRDA:442,61,0,0
BRDA:442,61,1,0
BRDA:445,62,0,0
BRDA:445,62,1,0
BRDA:451,63,0,0
BRDA:451,63,1,0
BRDA:452,64,0,0
BRDA:452,64,1,0
BRDA:453,65,0,0
BRDA:453,65,1,0
BRDA:455,66,0,0
BRDA:455,66,1,0
BRDA:457,67,0,0
BRDA:457,67,1,0
BRDA:461,68,0,0
BRDA:461,68,1,0
BRDA:462,69,0,0
BRDA:462,69,1,0
BRDA:463,70,0,0
BRDA:463,70,1,0
BRDA:463,71,0,0
BRDA:463,71,1,0
BRDA:470,72,0,0
BRDA:470,72,1,0
BRDA:470,73,0,0
BRDA:470,73,1,0
BRDA:470,73,2,0
BRDA:476,74,0,0
BRDA:476,74,1,0
BRDA:480,75,0,0
BRDA:480,75,1,0
BRDA:480,75,2,0
BRDA:490,76,0,0
BRDA:490,76,1,0
BRDA:508,77,0,0
BRDA:508,77,1,0
BRDA:511,78,0,0
BRDA:511,78,1,0
BRDA:520,79,0,0
BRDA:520,79,1,0
BRDA:520,79,2,0
BRDA:523,80,0,0
BRDA:523,80,1,0
BRDA:532,81,0,0
BRDA:532,81,1,0
BRDA:539,82,0,0
BRDA:539,82,1,0
BRDA:539,83,0,0
BRDA:539,83,1,0
BRDA:546,84,0,0
BRDA:546,84,1,0
BRDA:549,85,0,0
BRDA:549,85,1,0
BRDA:568,86,0,0
BRDA:568,86,1,0
BRDA:579,87,0,0
BRDA:579,87,1,0
BRDA:579,87,2,0
BRDA:609,88,0,0
BRDA:609,88,1,0
BRDA:610,89,0,0
BRDA:610,89,1,0
BRDA:611,90,0,0
BRDA:611,90,1,0
BRDA:617,91,0,0
BRDA:617,91,1,0
BRDA:621,92,0,0
BRDA:621,92,1,0
BRDA:655,93,0,0
BRDA:655,93,1,0
BRDA:662,94,0,0
BRDA:662,94,1,0
BRDA:680,95,0,0
BRDA:680,95,1,0
BRDA:681,96,0,0
BRDA:681,96,1,0
BRDA:682,97,0,0
BRDA:682,97,1,0
BRDA:683,98,0,0
BRDA:683,98,1,0
BRDA:692,99,0,0
BRDA:692,99,1,0
BRDA:700,100,0,0
BRDA:700,100,1,0
BRDA:703,101,0,0
BRDA:703,101,1,0
BRDA:703,101,2,0
BRDA:736,102,0,0
BRDA:736,102,1,0
BRDA:780,103,0,0
BRDA:780,103,1,0
BRDA:788,104,0,0
BRDA:788,104,1,0
BRDA:788,104,2,0
BRDA:799,105,0,0
BRDA:799,105,1,0
BRDA:809,106,0,0
BRDA:809,106,1,0
BRDA:816,107,0,0
BRDA:816,107,1,0
BRDA:816,108,0,0
BRDA:816,108,1,0
BRDA:824,109,0,0
BRDA:824,109,1,0
BRDA:825,110,0,0
BRDA:825,110,1,0
BRDA:844,111,0,0
BRDA:844,111,1,0
BRDA:855,112,0,0
BRDA:855,112,1,0
BRDA:868,113,0,0
BRDA:868,113,1,0
BRDA:877,114,0,0
BRDA:877,114,1,0
BRDA:881,115,0,0
BRDA:881,115,1,0
BRDA:884,116,0,0
BRDA:884,116,1,0
BRF:245
BRH:0
end_of_record
TN:
SF:src/components/modals/MemberManagementModal.tsx
FN:65,MemberManagementModal
FN:84,(anonymous_1)
FN:89,(anonymous_2)
FN:94,(anonymous_3)
FN:128,(anonymous_4)
FN:159,(anonymous_5)
FN:188,(anonymous_6)
FN:230,(anonymous_7)
FN:237,(anonymous_8)
FN:272,(anonymous_9)
FN:293,(anonymous_10)
FN:346,(anonymous_11)
FN:349,(anonymous_12)
FNF:13
FNH:0
FNDA:0,MemberManagementModal
FNDA:0,(anonymous_1)
FNDA:0,(anonymous_2)
FNDA:0,(anonymous_3)
FNDA:0,(anonymous_4)
FNDA:0,(anonymous_5)
FNDA:0,(anonymous_6)
FNDA:0,(anonymous_7)
FNDA:0,(anonymous_8)
FNDA:0,(anonymous_9)
FNDA:0,(anonymous_10)
FNDA:0,(anonymous_11)
FNDA:0,(anonymous_12)
DA:55,0
DA:63,0
DA:71,0
DA:72,0
DA:73,0
DA:74,0
DA:75,0
DA:76,0
DA:77,0
DA:78,0
DA:80,0
DA:84,0
DA:85,0
DA:86,0
DA:89,0
DA:90,0
DA:91,0
DA:94,0
DA:95,0
DA:97,0
DA:98,0
DA:99,0
DA:101,0
DA:102,0
DA:112,0
DA:114,0
DA:115,0
DA:118,0
DA:119,0
DA:120,0
DA:122,0
DA:124,0
DA:128,0
DA:129,0
DA:131,0
DA:132,0
DA:134,0
DA:135,0
DA:145,0
DA:147,0
DA:148,0
DA:151,0
DA:153,0
DA:155,0
DA:159,0
DA:160,0
DA:162,0
DA:163,0
DA:165,0
DA:166,0
DA:174,0
DA:176,0
DA:177,0
DA:180,0
DA:182,0
DA:184,0
DA:188,0
DA:189,0
DA:190,0
DA:193,0
DA:230,0
DA:237,0
DA:273,0
DA:293,0
DA:347,0
DA:349,0
LF:66
LH:0
BRDA:81,0,0,0
BRDA:81,0,1,0
BRDA:95,1,0,0
BRDA:95,1,1,0
BRDA:114,2,0,0
BRDA:114,2,1,0
BRDA:115,3,0,0
BRDA:115,3,1,0
BRDA:122,4,0,0
BRDA:122,4,1,0
BRDA:129,5,0,0
BRDA:129,5,1,0
BRDA:147,6,0,0
BRDA:147,6,1,0
BRDA:148,7,0,0
BRDA:148,7,1,0
BRDA:160,8,0,0
BRDA:160,8,1,0
BRDA:176,9,0,0
BRDA:176,9,1,0
BRDA:177,10,0,0
BRDA:177,10,1,0
BRDA:206,11,0,0
BRDA:206,11,1,0
BRDA:212,12,0,0
BRDA:212,12,1,0
BRDA:218,13,0,0
BRDA:218,13,1,0
BRDA:248,14,0,0
BRDA:248,14,1,0
BRDA:249,15,0,0
BRDA:249,15,1,0
BRDA:261,16,0,0
BRDA:261,16,1,0
BRDA:264,17,0,0
BRDA:264,17,1,0
BRDA:268,18,0,0
BRDA:268,18,1,0
BRDA:283,19,0,0
BRDA:283,19,1,0
BRDA:283,20,0,0
BRDA:283,20,1,0
BRDA:288,21,0,0
BRDA:288,21,1,0
BRDA:304,22,0,0
BRDA:304,22,1,0
BRDA:310,23,0,0
BRDA:310,23,1,0
BRDA:311,24,0,0
BRDA:311,24,1,0
BRDA:317,25,0,0
BRDA:317,25,1,0
BRDA:323,26,0,0
BRDA:323,26,1,0
BRDA:342,27,0,0
BRDA:342,27,1,0
BRF:56
BRH:0
end_of_record
TN:
SF:src/components/modals/PersonDetailModal.tsx
FN:140,PersonDetailModal
FN:182,(anonymous_1)
FN:202,(anonymous_2)
FN:217,(anonymous_3)
FN:223,(anonymous_4)
FN:253,(anonymous_5)
FN:264,(anonymous_6)
FN:272,(anonymous_7)
FN:278,(anonymous_8)
FN:278,(anonymous_9)
FN:287,(anonymous_10)
FN:292,(anonymous_11)
FN:299,(anonymous_12)
FN:299,(anonymous_13)
FN:308,(anonymous_14)
FN:309,(anonymous_15)
FN:310,(anonymous_16)
FN:312,(anonymous_17)
FN:345,(anonymous_18)
FN:353,(anonymous_19)
FN:357,(anonymous_20)
FN:367,(anonymous_21)
FN:538,(anonymous_22)
FN:559,(anonymous_23)
FN:698,(anonymous_24)
FN:701,(anonymous_25)
FN:801,(anonymous_26)
FN:852,(anonymous_27)
FN:888,(anonymous_28)
FN:890,(anonymous_29)
FN:892,(anonymous_30)
FN:909,(anonymous_31)
FN:918,(anonymous_32)
FN:921,(anonymous_33)
FN:927,(anonymous_34)
FN:928,(anonymous_35)
FN:929,(anonymous_36)
FN:930,(anonymous_37)
FN:937,(anonymous_38)
FN:950,(anonymous_39)
FN:971,(anonymous_40)
FN:980,(anonymous_41)
FN:986,(anonymous_42)
FN:987,(anonymous_43)
FN:988,(anonymous_44)
FN:989,(anonymous_45)
FN:996,(anonymous_46)
FN:1009,(anonymous_47)
FN:1030,(anonymous_48)
FN:1039,(anonymous_49)
FN:1045,(anonymous_50)
FN:1046,(anonymous_51)
FN:1047,(anonymous_52)
FN:1048,(anonymous_53)
FN:1058,(anonymous_54)
FN:1071,(anonymous_55)
FN:1100,(anonymous_56)
FN:1103,(anonymous_57)
FN:1153,(anonymous_58)
FN:1154,(anonymous_59)
FN:1164,(anonymous_60)
FN:1168,(anonymous_61)
FN:1177,(anonymous_62)
FN:1191,(anonymous_63)
FN:1202,(anonymous_64)
FN:1219,(anonymous_65)
FN:1234,(anonymous_66)
FN:1249,(anonymous_67)
FNF:68
FNH:0
FNDA:0,PersonDetailModal
FNDA:0,(anonymous_1)
FNDA:0,(anonymous_2)
FNDA:0,(anonymous_3)
FNDA:0,(anonymous_4)
FNDA:0,(anonymous_5)
FNDA:0,(anonymous_6)
FNDA:0,(anonymous_7)
FNDA:0,(anonymous_8)
FNDA:0,(anonymous_9)
FNDA:0,(anonymous_10)
FNDA:0,(anonymous_11)
FNDA:0,(anonymous_12)
FNDA:0,(anonymous_13)
FNDA:0,(anonymous_14)
FNDA:0,(anonymous_15)
FNDA:0,(anonymous_16)
FNDA:0,(anonymous_17)
FNDA:0,(anonymous_18)
FNDA:0,(anonymous_19)
FNDA:0,(anonymous_20)
FNDA:0,(anonymous_21)
FNDA:0,(anonymous_22)
FNDA:0,(anonymous_23)
FNDA:0,(anonymous_24)
FNDA:0,(anonymous_25)
FNDA:0,(anonymous_26)
FNDA:0,(anonymous_27)
FNDA:0,(anonymous_28)
FNDA:0,(anonymous_29)
FNDA:0,(anonymous_30)
FNDA:0,(anonymous_31)
FNDA:0,(anonymous_32)
FNDA:0,(anonymous_33)
FNDA:0,(anonymous_34)
FNDA:0,(anonymous_35)
FNDA:0,(anonymous_36)
FNDA:0,(anonymous_37)
FNDA:0,(anonymous_38)
FNDA:0,(anonymous_39)
FNDA:0,(anonymous_40)
FNDA:0,(anonymous_41)
FNDA:0,(anonymous_42)
FNDA:0,(anonymous_43)
FNDA:0,(anonymous_44)
FNDA:0,(anonymous_45)
FNDA:0,(anonymous_46)
FNDA:0,(anonymous_47)
FNDA:0,(anonymous_48)
FNDA:0,(anonymous_49)
FNDA:0,(anonymous_50)
FNDA:0,(anonymous_51)
FNDA:0,(anonymous_52)
FNDA:0,(anonymous_53)
FNDA:0,(anonymous_54)
FNDA:0,(anonymous_55)
FNDA:0,(anonymous_56)
FNDA:0,(anonymous_57)
FNDA:0,(anonymous_58)
FNDA:0,(anonymous_59)
FNDA:0,(anonymous_60)
FNDA:0,(anonymous_61)
FNDA:0,(anonymous_62)
FNDA:0,(anonymous_63)
FNDA:0,(anonymous_64)
FNDA:0,(anonymous_65)
FNDA:0,(anonymous_66)
FNDA:0,(anonymous_67)
DA:159,0
DA:160,0
DA:161,0
DA:162,0
DA:163,0
DA:164,0
DA:167,0
DA:168,0
DA:169,0
DA:170,0
DA:171,0
DA:172,0
DA:173,0
DA:174,0
DA:175,0
DA:176,0
DA:177,0
DA:178,0
DA:179,0
DA:180,0
DA:182,0
DA:183,0
DA:184,0
DA:185,0
DA:186,0
DA:187,0
DA:188,0
DA:189,0
DA:193,0
DA:194,0
DA:198,0
DA:202,0
DA:203,0
DA:204,0
DA:205,0
DA:206,0
DA:207,0
DA:208,0
DA:209,0
DA:213,0
DA:217,0
DA:218,0
DA:219,0
DA:223,0
DA:224,0
DA:225,0
DA:226,0
DA:227,0
DA:228,0
DA:229,0
DA:230,0
DA:234,0
DA:235,0
DA:236,0
DA:237,0
DA:238,0
DA:244,0
DA:245,0
DA:249,0
DA:253,0
DA:254,0
DA:255,0
DA:256,0
DA:257,0
DA:258,0
DA:260,0
DA:261,0
DA:262,0
DA:263,0
DA:264,0
DA:265,0
DA:266,0
DA:268,0
DA:269,0
DA:272,0
DA:273,0
DA:274,0
DA:275,0
DA:276,0
DA:277,0
DA:278,0
DA:279,0
DA:283,0
DA:287,0
DA:288,0
DA:289,0
DA:292,0
DA:293,0
DA:294,0
DA:295,0
DA:296,0
DA:297,0
DA:298,0
DA:299,0
DA:303,0
DA:304,0
DA:308,0
DA:309,0
DA:310,0
DA:312,0
DA:313,0
DA:314,0
DA:315,0
DA:316,0
DA:317,0
DA:320,0
DA:322,0
DA:323,0
DA:324,0
DA:325,0
DA:326,0
DA:330,0
DA:331,0
DA:332,0
DA:334,0
DA:335,0
DA:337,0
DA:341,0
DA:343,0
DA:344,0
DA:345,0
DA:346,0
DA:347,0
DA:349,0
DA:350,0
DA:353,0
DA:354,0
DA:357,0
DA:358,0
DA:359,0
DA:360,0
DA:361,0
DA:362,0
DA:364,0
DA:367,0
DA:368,0
DA:369,0
DA:371,0
DA:372,0
DA:373,0
DA:374,0
DA:376,0
DA:377,0
DA:378,0
DA:379,0
DA:381,0
DA:382,0
DA:383,0
DA:384,0
DA:386,0
DA:387,0
DA:388,0
DA:389,0
DA:392,0
DA:401,0
DA:404,0
DA:405,0
DA:408,0
DA:409,0
DA:431,0
DA:432,0
DA:462,0
DA:463,0
DA:492,0
DA:539,0
DA:540,0
DA:541,0
DA:559,0
DA:699,0
DA:701,0
DA:802,0
DA:852,0
DA:888,0
DA:890,0
DA:892,0
DA:909,0
DA:919,0
DA:921,0
DA:927,0
DA:928,0
DA:929,0
DA:930,0
DA:937,0
DA:950,0
DA:971,0
DA:981,0
DA:986,0
DA:987,0
DA:988,0
DA:989,0
DA:996,0
DA:1009,0
DA:1030,0
DA:1040,0
DA:1045,0
DA:1046,0
DA:1047,0
DA:1048,0
DA:1058,0
DA:1071,0
DA:1101,0
DA:1103,0
DA:1153,0
DA:1154,0
DA:1165,0
DA:1166,0
DA:1168,0
DA:1177,0
DA:1191,0
DA:1202,0
DA:1219,0
DA:1234,0
DA:1249,0
LF:213
LH:0
BRDA:144,0,0,0
BRDA:145,1,0,0
BRDA:146,2,0,0
BRDA:183,3,0,0
BRDA:183,3,1,0
BRDA:193,4,0,0
BRDA:193,4,1,0
BRDA:203,5,0,0
BRDA:203,5,1,0
BRDA:207,6,0,0
BRDA:207,6,1,0
BRDA:209,7,0,0
BRDA:209,7,1,0
BRDA:218,8,0,0
BRDA:218,8,1,0
BRDA:218,9,0,0
BRDA:218,9,1,0
BRDA:224,10,0,0
BRDA:224,10,1,0
BRDA:234,11,0,0
BRDA:234,11,1,0
BRDA:236,12,0,0
BRDA:236,12,1,0
BRDA:244,13,0,0
BRDA:244,13,1,0
BRDA:254,14,0,0
BRDA:254,14,1,0
BRDA:260,15,0,0
BRDA:260,15,1,0
BRDA:273,16,0,0
BRDA:273,16,1,0
BRDA:277,17,0,0
BRDA:277,17,1,0
BRDA:294,18,0,0
BRDA:294,18,1,0
BRDA:298,19,0,0
BRDA:298,19,1,0
BRDA:299,20,0,0
BRDA:299,20,1,0
BRDA:308,21,0,0
BRDA:308,21,1,0
BRDA:313,22,0,0
BRDA:313,22,1,0
BRDA:320,23,0,0
BRDA:320,23,1,0
BRDA:322,24,0,0
BRDA:322,24,1,0
BRDA:325,25,0,0
BRDA:325,25,1,0
BRDA:330,26,0,0
BRDA:330,26,1,0
BRDA:332,27,0,0
BRDA:332,27,1,0
BRDA:332,27,2,0
BRDA:341,28,0,0
BRDA:341,28,1,0
BRDA:358,29,0,0
BRDA:358,29,1,0
BRDA:360,30,0,0
BRDA:360,30,1,0
BRDA:371,31,0,0
BRDA:371,31,1,0
BRDA:372,32,0,0
BRDA:372,32,1,0
BRDA:373,33,0,0
BRDA:373,33,1,0
BRDA:376,34,0,0
BRDA:376,34,1,0
BRDA:377,35,0,0
BRDA:377,35,1,0
BRDA:378,36,0,0
BRDA:378,36,1,0
BRDA:381,37,0,0
BRDA:381,37,1,0
BRDA:382,38,0,0
BRDA:382,38,1,0
BRDA:383,39,0,0
BRDA:383,39,1,0
BRDA:386,40,0,0
BRDA:386,40,1,0
BRDA:387,41,0,0
BRDA:387,41,1,0
BRDA:388,42,0,0
BRDA:388,42,1,0
BRDA:401,43,0,0
BRDA:401,43,1,0
BRDA:404,44,0,0
BRDA:404,44,1,0
BRDA:404,45,0,0
BRDA:404,45,1,0
BRDA:405,46,0,0
BRDA:405,46,1,0
BRDA:408,47,0,0
BRDA:408,47,1,0
BRDA:431,48,0,0
BRDA:431,48,1,0
BRDA:431,49,0,0
BRDA:431,49,1,0
BRDA:462,50,0,0
BRDA:462,50,1,0
BRDA:540,51,0,0
BRDA:540,51,1,0
BRDA:572,52,0,0
BRDA:572,52,1,0
BRDA:602,53,0,0
BRDA:602,53,1,0
BRDA:632,54,0,0
BRDA:632,54,1,0
BRDA:659,55,0,0
BRDA:659,55,1,0
BRDA:664,56,0,0
BRDA:664,56,1,0
BRDA:669,57,0,0
BRDA:669,57,1,0
BRDA:684,58,0,0
BRDA:684,58,1,0
BRDA:686,59,0,0
BRDA:686,59,1,0
BRDA:729,60,0,0
BRDA:729,60,1,0
BRDA:742,61,0,0
BRDA:742,61,1,0
BRDA:761,62,0,0
BRDA:761,62,1,0
BRDA:761,62,2,0
BRDA:764,63,0,0
BRDA:764,63,1,0
BRDA:764,63,2,0
BRDA:773,64,0,0
BRDA:773,64,1,0
BRDA:774,65,0,0
BRDA:774,65,1,0
BRDA:787,66,0,0
BRDA:787,66,1,0
BRDA:789,67,0,0
BRDA:789,67,1,0
BRDA:819,68,0,0
BRDA:819,68,1,0
BRDA:825,69,0,0
BRDA:825,69,1,0
BRDA:832,70,0,0
BRDA:832,70,1,0
BRDA:845,71,0,0
BRDA:845,71,1,0
BRDA:853,72,0,0
BRDA:853,72,1,0
BRDA:854,73,0,0
BRDA:854,73,1,0
BRDA:857,74,0,0
BRDA:857,74,1,0
BRDA:857,75,0,0
BRDA:857,75,1,0
BRDA:859,76,0,0
BRDA:859,76,1,0
BRDA:884,77,0,0
BRDA:884,77,1,0
BRDA:888,78,0,0
BRDA:888,78,1,0
BRDA:890,79,0,0
BRDA:890,79,1,0
BRDA:892,80,0,0
BRDA:892,80,1,0
BRDA:892,81,0,0
BRDA:892,81,1,0
BRDA:894,82,0,0
BRDA:894,82,1,0
BRDA:907,83,0,0
BRDA:907,83,1,0
BRDA:914,84,0,0
BRDA:914,84,1,0
BRDA:920,85,0,0
BRDA:920,85,1,0
BRDA:922,86,0,0
BRDA:922,86,1,0
BRDA:925,87,0,0
BRDA:925,87,1,0
BRDA:929,88,0,0
BRDA:929,88,1,0
BRDA:929,89,0,0
BRDA:929,89,1,0
BRDA:930,90,0,0
BRDA:930,90,1,0
BRDA:941,91,0,0
BRDA:941,91,1,0
BRDA:969,92,0,0
BRDA:969,92,1,0
BRDA:976,93,0,0
BRDA:976,93,1,0
BRDA:984,94,0,0
BRDA:984,94,1,0
BRDA:988,95,0,0
BRDA:988,95,1,0
BRDA:988,96,0,0
BRDA:988,96,1,0
BRDA:989,97,0,0
BRDA:989,97,1,0
BRDA:1000,98,0,0
BRDA:1000,98,1,0
BRDA:1028,99,0,0
[...]
BRDA:252,20,1,0
BRDA:256,21,0,0
BRDA:256,21,1,0
BRDA:256,22,0,0
BRDA:256,22,1,0
BRDA:256,22,2,0
BRDA:256,22,3,0
BRF:50
BRH:6
end_of_record
TN:
SF:src/services/StoryService.ts
FN:28,sanitizeStoryContent
FN:52,(anonymous_1)
FN:57,(anonymous_2)
FN:90,(anonymous_3)
FN:102,(anonymous_4)
FN:159,(anonymous_5)
FN:221,(anonymous_6)
FN:304,(anonymous_7)
FN:318,(anonymous_8)
FN:325,(anonymous_9)
FN:360,(anonymous_10)
FN:393,(anonymous_11)
FNF:12
FNH:1
FNDA:0,sanitizeStoryContent
FNDA:2,(anonymous_1)
FNDA:0,(anonymous_2)
FNDA:0,(anonymous_3)
FNDA:0,(anonymous_4)
FNDA:0,(anonymous_5)
FNDA:0,(anonymous_6)
FNDA:0,(anonymous_7)
FNDA:0,(anonymous_8)
FNDA:0,(anonymous_9)
FNDA:0,(anonymous_10)
FNDA:0,(anonymous_11)
DA:32,0
DA:33,0
DA:43,2
DA:61,0
DA:62,0
DA:64,0
DA:66,0
DA:76,0
DA:94,0
DA:96,0
DA:108,0
DA:111,0
DA:112,0
DA:113,0
DA:116,0
DA:117,0
DA:119,0
DA:143,0
DA:148,0
DA:166,0
DA:167,0
DA:170,0
DA:172,0
DA:173,0
DA:174,0
DA:175,0
DA:176,0
DA:177,0
DA:180,0
DA:181,0
DA:182,0
DA:183,0
DA:184,0
DA:185,0
DA:186,0
DA:187,0
DA:188,0
DA:189,0
DA:190,0
DA:191,0
DA:192,0
DA:193,0
DA:194,0
DA:197,0
DA:199,0
DA:200,0
DA:203,0
DA:204,0
DA:208,0
DA:210,0
DA:225,0
DA:286,0
DA:289,0
DA:301,0
DA:304,0
DA:319,0
DA:326,0
DA:329,0
DA:332,0
DA:361,0
DA:363,0
DA:364,0
DA:370,0
DA:371,0
DA:374,0
DA:375,0
DA:379,0
DA:381,0
DA:387,0
DA:398,0
DA:399,0
DA:400,0
DA:401,0
DA:405,0
DA:406,0
DA:407,0
DA:408,0
LF:77
LH:1
BRDA:52,0,0,0
BRDA:61,1,0,0
BRDA:61,2,0,0
BRDA:96,3,0,0
BRDA:96,3,1,0
BRDA:108,4,0,0
BRDA:108,4,1,0
BRDA:108,5,0,0
BRDA:108,5,1,0
BRDA:112,6,0,0
BRDA:112,6,1,0
BRDA:112,7,0,0
BRDA:112,7,1,0
BRDA:116,8,0,0
BRDA:116,8,1,0
BRDA:117,9,0,0
BRDA:117,9,1,0
BRDA:117,10,0,0
BRDA:117,10,1,0
BRDA:124,11,0,0
BRDA:124,11,1,0
BRDA:125,12,0,0
BRDA:125,12,1,0
BRDA:126,13,0,0
BRDA:126,13,1,0
BRDA:129,14,0,0
BRDA:129,14,1,0
BRDA:130,15,0,0
BRDA:130,15,1,0
BRDA:131,16,0,0
BRDA:131,16,1,0
BRDA:132,17,0,0
BRDA:132,17,1,0
BRDA:133,18,0,0
BRDA:133,18,1,0
BRDA:134,19,0,0
BRDA:134,19,1,0
BRDA:135,20,0,0
BRDA:135,20,1,0
BRDA:136,21,0,0
BRDA:136,21,1,0
BRDA:137,22,0,0
BRDA:137,22,1,0
BRDA:138,23,0,0
BRDA:138,23,1,0
BRDA:139,24,0,0
BRDA:139,24,1,0
BRDA:143,25,0,0
BRDA:143,25,1,0
BRDA:143,26,0,0
BRDA:143,26,1,0
BRDA:166,27,0,0
BRDA:166,27,1,0
BRDA:166,28,0,0
BRDA:166,28,1,0
BRDA:167,29,0,0
BRDA:167,29,1,0
BRDA:167,30,0,0
BRDA:167,30,1,0
BRDA:172,31,0,0
BRDA:172,31,1,0
BRDA:173,32,0,0
BRDA:173,32,1,0
BRDA:174,33,0,0
BRDA:174,33,1,0
BRDA:176,34,0,0
BRDA:176,34,1,0
BRDA:180,35,0,0
BRDA:180,35,1,0
BRDA:181,36,0,0
BRDA:181,36,1,0
BRDA:182,37,0,0
BRDA:182,37,1,0
BRDA:182,38,0,0
BRDA:182,38,1,0
BRDA:183,39,0,0
BRDA:183,39,1,0
BRDA:183,40,0,0
BRDA:183,40,1,0
BRDA:184,41,0,0
BRDA:184,41,1,0
BRDA:184,42,0,0
BRDA:184,42,1,0
BRDA:185,43,0,0
BRDA:185,43,1,0
BRDA:186,44,0,0
BRDA:186,44,1,0
BRDA:187,45,0,0
BRDA:187,45,1,0
BRDA:188,46,0,0
BRDA:188,46,1,0
BRDA:188,47,0,0
BRDA:188,47,1,0
BRDA:189,48,0,0
BRDA:189,48,1,0
BRDA:189,49,0,0
BRDA:189,49,1,0
BRDA:190,50,0,0
BRDA:190,50,1,0
BRDA:190,51,0,0
BRDA:190,51,1,0
BRDA:191,52,0,0
BRDA:191,52,1,0
BRDA:191,53,0,0
BRDA:191,53,1,0
BRDA:192,54,0,0
BRDA:192,54,1,0
BRDA:192,55,0,0
BRDA:192,55,1,0
BRDA:193,56,0,0
BRDA:193,56,1,0
BRDA:193,57,0,0
BRDA:193,57,1,0
BRDA:194,58,0,0
BRDA:194,58,1,0
BRDA:194,59,0,0
BRDA:194,59,1,0
BRDA:197,60,0,0
BRDA:197,60,1,0
BRDA:200,61,0,0
BRDA:200,61,1,0
BRDA:200,61,2,0
BRDA:203,62,0,0
BRDA:203,62,1,0
BRDA:286,63,0,0
BRDA:286,63,1,0
BRDA:289,64,0,0
BRDA:289,64,1,0
BRDA:296,65,0,0
BRDA:296,65,1,0
BRDA:326,66,0,0
BRDA:326,66,1,0
BRDA:329,67,0,0
BRDA:329,67,1,0
BRDA:336,68,0,0
BRDA:336,68,1,0
BRDA:345,69,0,0
BRDA:345,69,1,0
BRDA:346,70,0,0
BRDA:346,70,1,0
BRDA:349,71,0,0
BRDA:349,71,1,0
BRDA:350,72,0,0
BRDA:350,72,1,0
BRDA:363,73,0,0
BRDA:363,73,1,0
BRDA:370,74,0,0
BRDA:370,74,1,0
BRDA:371,75,0,0
BRDA:371,75,1,0
BRDA:374,76,0,0
BRDA:374,76,1,0
BRDA:379,77,0,0
BRDA:379,77,1,0
BRDA:398,78,0,0
BRDA:398,78,1,0
BRDA:400,79,0,0
BRDA:400,79,1,0
BRDA:405,80,0,0
BRDA:405,80,1,0
BRDA:407,81,0,0
BRDA:407,81,1,0
BRF:162
BRH:0
end_of_record
TN:
SF:src/services/VoiceService.ts
FN:62,(anonymous_0)
FN:71,(anonymous_1)
FN:96,(anonymous_2)
FN:117,(anonymous_3)
FN:138,(anonymous_4)
FN:156,(anonymous_5)
FN:173,(anonymous_6)
FN:243,(anonymous_7)
FN:315,(anonymous_8)
FN:344,(anonymous_9)
FNF:10
FNH:1
FNDA:2,(anonymous_0)
FNDA:0,(anonymous_1)
FNDA:0,(anonymous_2)
FNDA:0,(anonymous_3)
FNDA:0,(anonymous_4)
FNDA:0,(anonymous_5)
FNDA:0,(anonymous_6)
FNDA:0,(anonymous_7)
FNDA:0,(anonymous_8)
FNDA:0,(anonymous_9)
DA:51,2
DA:60,2
DA:75,0
DA:77,0
DA:78,0
DA:85,0
DA:101,0
DA:111,0
DA:122,0
DA:132,0
DA:143,0
DA:160,0
DA:187,0
DA:188,0
DA:192,0
DA:195,0
DA:219,0
DA:237,0
DA:244,0
DA:247,0
DA:248,0
DA:252,0
DA:253,0
DA:254,0
DA:262,0
DA:264,0
DA:267,0
DA:268,0
DA:279,0
DA:280,0
DA:286,0
DA:290,0
DA:297,0
DA:298,0
DA:300,0
DA:302,0
DA:305,0
DA:308,0
DA:310,0
DA:321,0
DA:327,0
DA:343,0
DA:344,0
DA:345,0
DA:350,0
DA:371,0
DA:372,0
DA:373,0
LF:48
LH:2
BRDA:63,0,0,0
BRDA:64,1,0,0
BRDA:65,2,0,0
BRDA:77,3,0,0
BRDA:77,3,1,0
BRDA:77,4,0,0
BRDA:77,4,1,0
BRDA:187,5,0,0
BRDA:187,5,1,0
BRDA:207,6,0,0
BRDA:207,6,1,0
BRDA:225,7,0,0
BRDA:225,7,1,0
BRDA:226,8,0,0
BRDA:226,8,1,0
BRDA:244,9,0,0
BRDA:247,10,0,0
BRDA:247,10,1,0
BRDA:247,11,0,0
BRDA:247,11,1,0
BRDA:253,12,0,0
BRDA:253,12,1,0
BRDA:267,13,0,0
BRDA:267,13,1,0
BRDA:279,14,0,0
BRDA:279,14,1,0
BRDA:293,15,0,0
BRDA:293,15,1,0
BRDA:302,16,0,0
BRDA:302,16,1,0
BRDA:311,17,0,0
BRDA:311,17,1,0
BRDA:343,18,0,0
BRDA:343,18,1,0
BRDA:343,19,0,0
BRDA:343,19,1,0
BRDA:371,20,0,0
BRDA:371,20,1,0
BRF:38
BRH:0
end_of_record
TN:
SF:src/services/index.ts
FN:45,createServices
FN:60,(anonymous_1)
FN:64,(anonymous_2)
FN:68,(anonymous_3)
FN:72,(anonymous_4)
FN:76,(anonymous_5)
FN:80,(anonymous_6)
FN:84,(anonymous_7)
FN:88,(anonymous_8)
FN:92,(anonymous_9)
FN:96,(anonymous_10)
FN:100,(anonymous_11)
FNF:12
FNH:0
FNDA:0,createServices
FNDA:0,(anonymous_1)
FNDA:0,(anonymous_2)
FNDA:0,(anonymous_3)
FNDA:0,(anonymous_4)
FNDA:0,(anonymous_5)
FNDA:0,(anonymous_6)
FNDA:0,(anonymous_7)
FNDA:0,(anonymous_8)
FNDA:0,(anonymous_9)
FNDA:0,(anonymous_10)
FNDA:0,(anonymous_11)
DA:22,2
DA:23,2
DA:24,2
DA:25,2
DA:26,2
DA:27,2
DA:28,2
DA:46,0
DA:63,0
DA:66,0
DA:70,0
DA:74,0
DA:78,0
DA:82,0
DA:86,0
DA:90,0
DA:94,0
DA:98,0
DA:102,0
LF:19
LH:7
BRDA:45,0,0,0
BRF:1
BRH:0
end_of_record
TN:
SF:src/styles/theme.ts
FNF:0
FNH:0
DA:3,0
LF:1
LH:0
BRF:0
BRH:0
end_of_record
TN:
SF:src/trigger/export-tree-task.ts
FN:39,(anonymous_0)
FN:40,(anonymous_1)
FN:41,(anonymous_2)
FN:42,(anonymous_3)
FN:43,(anonymous_4)
FN:44,(anonymous_5)
FN:45,(anonymous_6)
FN:51,buildR2Client
FN:76,runThrottled
FN:83,worker
FN:96,parseSvgDim
FN:110,fetchAvatarBuffers
FN:118,(anonymous_12)
FN:123,(anonymous_13)
FN:126,(anonymous_14)
FN:162,fetchPeopleForExport
FN:244,(anonymous_16)
FN:246,(anonymous_17)
FN:362,uploadToR2
FN:393,writeLocalExport
FN:418,(anonymous_20)
FN:436,(anonymous_21)
FN:459,(anonymous_22)
FNF:23
FNH:0
FNDA:0,(anonymous_0)
FNDA:0,(anonymous_1)
FNDA:0,(anonymous_2)
FNDA:0,(anonymous_3)
FNDA:0,(anonymous_4)
FNDA:0,(anonymous_5)
FNDA:0,(anonymous_6)
FNDA:0,buildR2Client
FNDA:0,runThrottled
FNDA:0,worker
FNDA:0,parseSvgDim
FNDA:0,fetchAvatarBuffers
FNDA:0,(anonymous_12)
FNDA:0,(anonymous_13)
FNDA:0,(anonymous_14)
FNDA:0,fetchPeopleForExport
FNDA:0,(anonymous_16)
FNDA:0,(anonymous_17)
FNDA:0,uploadToR2
FNDA:0,writeLocalExport
FNDA:0,(anonymous_20)
FNDA:0,(anonymous_21)
FNDA:0,(anonymous_22)
DA:35,0
DA:38,0
DA:52,0
DA:53,0
DA:54,0
DA:55,0
DA:57,0
DA:60,0
DA:62,0
DA:69,0
DA:81,0
DA:82,0
DA:84,0
DA:85,0
DA:86,0
DA:89,0
DA:97,0
DA:98,0
DA:114,0
DA:115,0
DA:118,0
DA:119,0
DA:123,0
DA:126,0
DA:127,0
DA:128,0
DA:130,0
DA:131,0
DA:134,0
DA:135,0
DA:137,0
DA:139,0
DA:140,0
DA:142,0
DA:151,0
DA:165,0
DA:217,0
DA:219,0
DA:227,0
DA:228,0
DA:229,0
DA:230,0
DA:231,0
DA:235,0
DA:236,0
DA:237,0
DA:238,0
DA:244,0
DA:246,0
DA:247,0
DA:248,0
DA:250,0
DA:251,0
DA:252,0
DA:253,0
DA:254,0
DA:255,0
DA:270,0
DA:271,0
DA:272,0
DA:288,0
DA:289,0
DA:290,0
DA:291,0
DA:306,0
DA:307,0
DA:308,0
DA:309,0
DA:327,0
DA:334,0
DA:351,0
DA:352,0
DA:353,0
DA:354,0
DA:357,0
DA:368,0
DA:369,0
DA:378,0
DA:384,0
DA:398,0
DA:400,0
DA:401,0
DA:402,0
DA:406,0
DA:411,0
DA:419,0
DA:421,0
DA:429,0
DA:430,0
DA:431,0
DA:432,0
DA:436,0
DA:441,0
DA:448,0
DA:453,0
DA:454,0
DA:455,0
DA:457,0
DA:458,0
DA:459,0
DA:465,0
DA:466,0
DA:469,0
DA:470,0
DA:472,0
DA:473,0
DA:475,0
DA:481,0
DA:482,0
DA:483,0
DA:490,0
DA:491,0
DA:495,0
DA:496,0
DA:497,0
DA:500,0
DA:501,0
DA:502,0
DA:505,0
DA:506,0
DA:516,0
DA:517,0
DA:518,0
DA:520,0
DA:521,0
DA:522,0
DA:523,0
DA:524,0
DA:525,0
DA:528,0
DA:530,0
DA:533,0
DA:540,0
DA:544,0
DA:545,0
DA:549,0
DA:550,0
LF:137
LH:0
BRDA:57,0,0,0
BRDA:57,0,1,0
BRDA:58,1,0,0
BRDA:58,1,1,0
BRDA:60,2,0,0
BRDA:60,2,1,0
BRDA:60,3,0,0
BRDA:60,3,1,0
BRDA:60,3,2,0
BRDA:60,3,3,0
BRDA:81,4,0,0
BRDA:81,4,1,0
BRDA:98,5,0,0
BRDA:98,5,1,0
BRDA:115,6,0,0
BRDA:115,6,1,0
BRDA:128,7,0,0
BRDA:128,7,1,0
BRDA:135,8,0,0
BRDA:135,8,1,0
BRDA:144,9,0,0
BRDA:144,9,1,0
BRDA:217,10,0,0
BRDA:217,10,1,0
BRDA:229,11,0,0
BRDA:229,11,1,0
BRDA:236,12,0,0
BRDA:236,12,1,0
BRDA:248,13,0,0
BRDA:248,13,1,0
BRDA:251,14,0,0
BRDA:251,14,1,0
BRDA:253,15,0,0
BRDA:253,15,1,0
BRDA:253,16,0,0
BRDA:253,16,1,0
BRDA:253,16,2,0
BRDA:271,17,0,0
BRDA:271,17,1,0
BRDA:271,18,0,0
BRDA:271,18,1,0
BRDA:288,19,0,0
BRDA:288,19,1,0
BRDA:290,20,0,0
BRDA:290,20,1,0
BRDA:290,21,0,0
BRDA:290,21,1,0
BRDA:307,22,0,0
BRDA:307,22,1,0
BRDA:307,23,0,0
BRDA:307,23,1,0
BRDA:307,23,2,0
BRDA:339,24,0,0
BRDA:339,24,1,0
BRDA:343,25,0,0
BRDA:343,25,1,0
BRDA:343,26,0,0
BRDA:343,26,1,0
BRDA:344,27,0,0
BRDA:344,27,1,0
BRDA:345,28,0,0
BRDA:345,28,1,0
BRDA:353,29,0,0
BRDA:353,29,1,0
BRDA:398,30,0,0
BRDA:398,30,1,0
BRDA:402,31,0,0
BRDA:402,31,1,0
BRDA:430,32,0,0
BRDA:430,32,1,0
BRDA:436,33,0,0
BRDA:436,33,1,0
BRDA:436,34,0,0
BRDA:436,34,1,0
BRDA:457,35,0,0
BRDA:457,35,1,0
BRDA:457,36,0,0
BRDA:457,36,1,0
BRDA:465,37,0,0
BRDA:465,37,1,0
BRDA:472,38,0,0
BRDA:472,38,1,0
BRDA:495,39,0,0
BRDA:495,39,1,0
BRDA:496,40,0,0
BRDA:496,40,1,0
BRDA:496,41,0,0
BRDA:496,41,1,0
BRDA:500,42,0,0
BRDA:500,42,1,0
BRDA:502,43,0,0
BRDA:502,43,1,0
BRDA:521,44,0,0
BRDA:521,44,1,0
BRDA:521,45,0,0
BRDA:521,45,1,0
BRDA:521,45,2,0
BRDA:545,46,0,0
BRDA:545,46,1,0
BRF:99
BRH:0
end_of_record
TN:
SF:src/trigger/gedcom-import-task.ts
FN:40,(anonymous_0)
FN:47,(anonymous_1)
FN:66,(anonymous_2)
FN:81,(anonymous_3)
FN:84,(anonymous_4)
FN:99,(anonymous_5)
FNF:6
FNH:0
FNDA:0,(anonymous_0)
FNDA:0,(anonymous_1)
FNDA:0,(anonymous_2)
FNDA:0,(anonymous_3)
FNDA:0,(anonymous_4)
FNDA:0,(anonymous_5)
DA:31,0
DA:41,0
DA:42,0
DA:48,0
DA:50,0
DA:51,0
DA:53,0
DA:54,0
DA:56,0
DA:57,0
DA:59,0
DA:67,0
DA:71,0
DA:72,0
DA:73,0
DA:75,0
DA:76,0
DA:80,0
DA:81,0
DA:84,0
DA:85,0
DA:97,0
DA:98,0
DA:99,0
DA:112,0
DA:115,0
DA:116,0
DA:119,0
DA:132,0
DA:133,0
DA:135,0
DA:138,0
DA:139,0
DA:143,0
DA:146,0
LF:35
LH:0
BRDA:41,0,0,0
BRDA:41,0,1,0
BRDA:71,1,0,0
BRDA:71,1,1,0
BRDA:71,2,0,0
BRDA:71,2,1,0
BRDA:80,3,0,0
BRDA:80,3,1,0
BRDA:97,4,0,0
BRDA:97,4,1,0
BRDA:138,5,0,0
BRDA:138,5,1,0
BRDA:147,6,0,0
BRDA:147,6,1,0
BRDA:148,7,0,0
BRDA:148,7,1,0
BRDA:149,8,0,0
BRDA:149,8,1,0
BRDA:150,9,0,0
BRDA:150,9,1,0
BRF:20
BRH:0
end_of_record
TN:
SF:src/trigger/geocode-places-task.ts
FN:29,geocodePlace
FN:46,sleep
FN:47,(anonymous_2)
FN:59,(anonymous_3)
FN:79,(anonymous_4)
FNF:5
FNH:0
FNDA:0,geocodePlace
FNDA:0,sleep
FNDA:0,(anonymous_2)
FNDA:0,(anonymous_3)
FNDA:0,(anonymous_4)
DA:30,0
DA:31,0
DA:32,0
DA:34,0
DA:35,0
DA:37,0
DA:38,0
DA:40,0
DA:41,0
DA:44,0
DA:47,0
DA:50,0
DA:60,0
DA:62,0
DA:63,0
DA:64,0
DA:65,0
DA:69,0
DA:79,0
DA:80,0
DA:81,0
DA:82,0
DA:84,0
DA:85,0
DA:86,0
DA:89,0
DA:91,0
DA:92,0
DA:93,0
DA:95,0
DA:97,0
DA:98,0
DA:99,0
DA:101,0
DA:112,0
DA:113,0
DA:115,0
DA:116,0
DA:120,0
DA:121,0
DA:125,0
DA:126,0
DA:128,0
LF:43
LH:0
BRDA:35,0,0,0
BRDA:35,0,1,0
BRDA:38,1,0,0
BRDA:38,1,1,0
BRDA:38,2,0,0
BRDA:38,2,1,0
BRDA:63,3,0,0
BRDA:63,3,1,0
BRDA:97,4,0,0
BRDA:97,4,1,0
BRDA:120,5,0,0
BRDA:120,5,1,0
BRF:12
BRH:0
end_of_record
TN:
SF:src/trigger/narration-task.ts
FN:40,audioExtensionFor
FN:46,fetchVoiceProfile
FN:66,fetchStory
FN:83,assertConsent
FN:105,persistAsset
FN:168,deleteAssetById
FN:175,(anonymous_6)
FN:185,pruneSiblingAssetsForPair
FN:230,(anonymous_8)
FN:233,(anonymous_9)
FN:290,(anonymous_10)
FN:300,(anonymous_11)
FN:303,(anonymous_12)
FN:371,(anonymous_13)
FN:394,(anonymous_14)
FN:412,(anonymous_15)
FN:422,(anonymous_16)
FNF:17
FNH:0
FNDA:0,audioExtensionFor
FNDA:0,fetchVoiceProfile
FNDA:0,fetchStory
FNDA:0,assertConsent
FNDA:0,persistAsset
FNDA:0,deleteAssetById
FNDA:0,(anonymous_6)
FNDA:0,pruneSiblingAssetsForPair
FNDA:0,(anonymous_8)
FNDA:0,(anonymous_9)
FNDA:0,(anonymous_10)
FNDA:0,(anonymous_11)
FNDA:0,(anonymous_12)
FNDA:0,(anonymous_13)
FNDA:0,(anonymous_14)
FNDA:0,(anonymous_15)
FNDA:0,(anonymous_16)
DA:37,1
DA:38,1
DA:41,0
DA:42,0
DA:43,0
DA:47,0
DA:58,0
DA:59,0
DA:63,0
DA:67,0
DA:77,0
DA:78,0
DA:80,0
DA:88,0
DA:89,0
DA:98,0
DA:99,0
DA:130,0
DA:132,0
DA:133,0
DA:134,0
DA:135,0
DA:138,0
DA:140,0
DA:165,0
DA:169,0
DA:173,0
DA:175,0
DA:176,0
DA:178,0
DA:179,0
DA:181,0
DA:191,0
DA:192,0
DA:193,0
DA:205,0
DA:206,0
DA:208,0
DA:210,0
DA:215,0
DA:221,1
DA:231,0
DA:233,0
DA:234,0
DA:236,0
DA:237,0
DA:238,0
DA:248,0
DA:251,0
DA:252,0
DA:254,0
DA:259,0
DA:261,0
DA:266,0
DA:268,0
DA:273,0
DA:275,0
DA:276,0
DA:281,0
DA:282,0
DA:283,0
DA:285,0
DA:291,0
DA:301,0
DA:303,0
DA:307,0
DA:313,0
DA:317,0
DA:318,0
DA:322,0
DA:325,0
DA:326,0
DA:327,0
DA:341,0
DA:362,0
DA:370,0
DA:371,0
DA:372,0
DA:376,0
DA:382,0
DA:383,0
DA:391,0
DA:395,0
DA:399,0
DA:412,0
DA:414,0
DA:422,0
LF:87
LH:3
BRDA:41,0,0,0
BRDA:41,0,1,0
BRDA:42,1,0,0
BRDA:42,1,1,0
BRDA:58,2,0,0
BRDA:58,2,1,0
BRDA:77,3,0,0
BRDA:77,3,1,0
BRDA:88,4,0,0
BRDA:88,4,1,0
BRDA:98,5,0,0
BRDA:98,5,1,0
BRDA:133,6,0,0
BRDA:133,6,1,0
BRDA:138,7,0,0
BRDA:138,7,1,0
BRDA:173,8,0,0
BRDA:173,8,1,0
BRDA:173,9,0,0
BRDA:173,9,1,0
BRDA:234,10,0,0
BRDA:234,10,1,0
BRDA:236,11,0,0
BRDA:236,11,1,0
BRDA:236,11,2,0
BRDA:236,11,3,0
BRDA:236,11,4,0
BRDA:237,12,0,0
BRDA:237,12,1,0
BRDA:237,12,2,0
BRDA:237,12,3,0
BRDA:237,12,4,0
BRDA:262,13,0,0
BRDA:262,13,1,0
BRDA:262,14,0,0
BRDA:262,14,1,0
BRDA:264,15,0,0
BRDA:264,15,1,0
BRDA:266,16,0,0
BRDA:266,16,1,0
BRDA:275,17,0,0
BRDA:275,17,1,0
BRDA:282,18,0,0
BRDA:282,18,1,0
BRDA:282,18,2,0
BRDA:295,19,0,0
BRDA:295,19,1,0
BRDA:317,20,0,0
BRDA:317,20,1,0
BRDA:326,21,0,0
BRDA:326,21,1,0
BRDA:370,22,0,0
BRDA:370,22,1,0
BRDA:397,23,0,0
BRDA:397,23,1,0
BRDA:409,24,0,0
BRDA:409,24,1,0
BRF:57
BRH:0
end_of_record
TN:
SF:src/trigger/restrict-runpod-gpus.ts
FN:24,(anonymous_0)
FN:67,buildSaveEndpointMutation
FN:105,runpodGraphQL
FN:122,(anonymous_3)
FN:135,(anonymous_4)
FN:165,(anonymous_5)
FN:168,(anonymous_6)
FNF:7
FNH:0
FNDA:0,(anonymous_0)
FNDA:0,buildSaveEndpointMutation
FNDA:0,runpodGraphQL
FNDA:0,(anonymous_3)
FNDA:0,(anonymous_4)
FNDA:0,(anonymous_5)
FNDA:0,(anonymous_6)
DA:5,0
DA:21,0
DA:23,0
DA:24,0
DA:45,0
DA:47,0
DA:80,0
DA:106,0
DA:115,0
DA:116,0
DA:119,0
DA:121,0
DA:122,0
DA:125,0
DA:126,0
DA:129,0
DA:132,0
DA:136,0
DA:138,0
DA:139,0
DA:141,0
DA:142,0
DA:145,0
DA:147,0
DA:165,0
DA:167,0
DA:168,0
DA:169,0
DA:172,0
DA:179,0
DA:183,0
DA:185,0
DA:187,0
DA:195,0
DA:196,0
DA:197,0
DA:201,0
DA:202,0
DA:206,0
DA:209,0
DA:211,0
DA:212,0
DA:216,0
DA:218,0
LF:44
LH:0
BRDA:92,0,0,0
BRDA:92,0,1,0
BRDA:93,1,0,0
BRDA:93,1,1,0
BRDA:115,2,0,0
BRDA:115,2,1,0
BRDA:121,3,0,0
BRDA:121,3,1,0
BRDA:125,4,0,0
BRDA:125,4,1,0
BRDA:136,5,0,0
BRDA:136,6,0,0
BRDA:141,7,0,0
BRDA:141,7,1,0
BRDA:142,8,0,0
BRDA:142,8,1,0
BRDA:167,9,0,0
BRDA:167,9,1,0
BRDA:179,10,0,0
BRDA:179,10,1,0
BRDA:183,11,0,0
BRDA:183,11,1,0
BRDA:195,12,0,0
BRDA:195,12,1,0
BRDA:201,13,0,0
BRDA:201,13,1,0
BRF:26
BRH:0
end_of_record
TN:
SF:src/types/index.ts
FNF:0
FNH:0
LF:0
LH:0
BRF:0
BRH:0
end_of_record
TN:
SF:src/types/voice.ts
FNF:0
FNH:0
LF:0
LH:0
BRF:0
BRH:0
end_of_record
TN:
SF:src/workers/narrationWorker.ts
FN:18,audioExtensionFor
FN:24,fetchVoiceProfile
FN:42,fetchStory
FN:59,assertConsent
FN:75,persistAsset
FN:143,deleteAssetById
FN:150,(anonymous_6)
FN:168,pruneSiblingAssetsForPair
FN:204,handleNarrationRender
FN:207,(anonymous_9)
FN:219,(anonymous_10)
FN:262,(anonymous_11)
FN:270,(anonymous_12)
FN:273,(anonymous_13)
FN:365,startNarrationWorker
FN:380,(anonymous_15)
FN:398,(anonymous_16)
FN:410,(anonymous_17)
FN:414,(anonymous_18)
FN:423,stopNarrationWorker
FNF:20
FNH:10
FNDA:1,audioExtensionFor
FNDA:2,fetchVoiceProfile
FNDA:2,fetchStory
FNDA:2,assertConsent
FNDA:1,persistAsset
FNDA:4,deleteAssetById
FNDA:0,(anonymous_6)
FNDA:2,pruneSiblingAssetsForPair
FNDA:2,handleNarrationRender
FNDA:6,(anonymous_9)
FNDA:0,(anonymous_10)
FNDA:1,(anonymous_11)
FNDA:0,(anonymous_12)
FNDA:0,(anonymous_13)
FNDA:0,startNarrationWorker
FNDA:0,(anonymous_15)
FNDA:0,(anonymous_16)
FNDA:0,(anonymous_17)
FNDA:0,(anonymous_18)
FNDA:0,stopNarrationWorker
DA:13,1
DA:15,1
DA:16,1
DA:19,1
DA:20,0
DA:21,0
DA:25,2
DA:36,2
DA:37,0
DA:39,2
DA:43,2
DA:53,2
DA:54,0
DA:56,2
DA:60,2
DA:61,2
DA:70,2
DA:71,1
DA:100,1
DA:102,1
DA:106,1
DA:108,1
DA:109,1
DA:112,1
DA:114,1
DA:140,1
DA:144,4
DA:148,4
DA:150,3
DA:151,0
DA:154,3
DA:155,3
DA:157,0
DA:174,2
DA:175,2
DA:176,2
DA:188,2
DA:189,2
DA:191,2
DA:193,0
DA:198,0
DA:202,1
DA:205,2
DA:207,2
DA:208,6
DA:209,6
DA:216,6
DA:218,6
DA:219,0
DA:223,2
DA:224,2
DA:226,2
DA:231,2
DA:233,1
DA:238,1
DA:239,0
DA:242,1
DA:247,1
DA:249,1
DA:250,1
DA:251,1
DA:252,0
DA:255,1
DA:257,1
DA:263,1
DA:271,0
DA:273,0
DA:277,1
DA:281,1
DA:285,1
DA:286,0
DA:287,0
DA:290,1
DA:291,1
DA:292,1
DA:306,1
DA:327,1
DA:334,1
DA:340,1
DA:341,1
DA:352,1
DA:356,1
DA:362,1
DA:363,1
DA:366,0
DA:368,0
DA:369,0
DA:370,0
DA:371,0
DA:374,0
DA:380,0
DA:381,0
DA:387,0
DA:388,0
DA:389,0
DA:399,0
DA:403,0
DA:404,0
DA:405,0
DA:410,0
DA:414,0
DA:415,0
DA:418,0
DA:419,0
DA:420,0
DA:424,0
DA:425,0
DA:426,0
DA:427,0
LF:109
LH:69
BRDA:13,0,0,1
BRDA:13,0,1,1
BRDA:19,1,0,1
BRDA:19,1,1,0
BRDA:20,2,0,0
BRDA:20,2,1,0
BRDA:36,3,0,0
BRDA:36,3,1,2
BRDA:53,4,0,0
BRDA:53,4,1,2
BRDA:60,5,0,0
BRDA:60,5,1,2
BRDA:70,6,0,1
BRDA:70,6,1,1
BRDA:106,7,0,1
BRDA:106,7,1,0
BRDA:112,8,0,1
BRDA:112,8,1,0
BRDA:148,9,0,1
BRDA:148,9,1,3
BRDA:148,10,0,4
BRDA:148,10,1,4
BRDA:208,11,0,6
BRDA:208,11,1,6
BRDA:213,12,0,6
BRDA:213,12,1,0
BRDA:218,13,0,0
BRDA:218,13,1,6
BRDA:234,14,0,0
BRDA:234,14,1,1
BRDA:234,15,0,1
BRDA:234,15,1,0
BRDA:236,16,0,1
BRDA:236,16,1,0
BRDA:238,17,0,0
BRDA:238,17,1,1
BRDA:251,18,0,0
BRDA:251,18,1,1
BRDA:255,19,0,1
BRDA:255,19,1,1
BRDA:255,19,2,1
BRDA:267,20,0,0
BRDA:267,20,1,1
BRDA:285,21,0,0
BRDA:285,21,1,1
BRDA:291,22,0,1
BRDA:291,22,1,0
BRDA:366,23,0,0
BRDA:366,23,1,0
BRDA:366,24,0,0
BRDA:366,24,1,0
BRDA:368,25,0,0
BRDA:368,25,1,0
BRDA:369,26,0,0
BRDA:369,26,1,0
BRDA:388,27,0,0
BRDA:388,27,1,0
BRDA:404,28,0,0
BRDA:404,28,1,0
BRDA:407,29,0,0
BRDA:407,29,1,0
BRDA:424,30,0,0
BRDA:424,30,1,0
BRF:63
BRH:29
end_of_record
TN:
SF:src/workers/retentionWorker.ts
FN:24,getFamilyspacePolicy
FN:49,processRetention
FN:64,enforcePolicyForFamilyspace
FN:139,(anonymous_3)
FN:143,(anonymous_4)
FNF:5
FNH:0
FNDA:0,getFamilyspacePolicy
FNDA:0,processRetention
FNDA:0,enforcePolicyForFamilyspace
FNDA:0,(anonymous_3)
FNDA:0,(anonymous_4)
DA:16,0
DA:25,0
DA:36,0
DA:37,0
DA:40,0
DA:41,0
DA:43,0
DA:50,0
DA:52,0
DA:53,0
DA:54,0
DA:55,0
DA:58,0
DA:59,0
DA:65,0
DA:66,0
DA:68,0
DA:71,0
DA:72,0
DA:73,0
DA:81,0
DA:82,0
DA:83,0
DA:84,0
DA:85,0
DA:87,0
DA:93,0
DA:94,0
DA:95,0
DA:104,0
DA:105,0
DA:106,0
DA:111,0
DA:112,0
DA:113,0
DA:121,0
DA:122,0
DA:123,0
DA:124,0
DA:125,0
DA:127,0
DA:133,0
DA:139,0
DA:140,0
DA:143,0
DA:144,0
LF:46
LH:0
BRDA:36,0,0,0
BRDA:36,0,1,0
BRDA:36,1,0,0
BRDA:36,1,1,0
BRDA:45,2,0,0
BRDA:45,2,1,0
BRDA:52,3,0,0
BRDA:52,3,1,0
BRDA:54,4,0,0
BRDA:54,4,1,0
BRDA:71,5,0,0
BRDA:71,5,1,0
BRDA:93,6,0,0
BRDA:93,6,1,0
BRDA:111,7,0,0
BRDA:111,7,1,0
BRDA:124,8,0,0
BRDA:124,8,1,0
BRF:18
BRH:0
end_of_record
TN:
SF:src/workers/start-workers.ts
FN:7,main
FN:10,shutdown
FN:15,(anonymous_2)
FN:16,(anonymous_3)
FN:19,(anonymous_4)
FNF:5
FNH:0
FNDA:0,main
FNDA:0,shutdown
FNDA:0,(anonymous_2)
FNDA:0,(anonymous_3)
FNDA:0,(anonymous_4)
DA:8,0
DA:11,0
DA:12,0
DA:15,0
DA:16,0
DA:19,0
DA:20,0
DA:21,0
LF:8
LH:0
BRF:0
BRH:0
end_of_record
